[T 14:25:34 44651] CodeQL CLI version 2.20.3
[T 14:25:34 44651] Initializing tracer.
[T 14:25:34 44651] Initializing tags.
[T 14:25:34 44651] ID set to 000000000000AE6B_0000000000000001 (parent root)
[T 14:25:34 44651] Initializing tracer.
[T 14:25:34 44651] Initializing tags.
[T 14:25:34 44651] ID set to 000000000000AE6B_0000000000000002 (parent root)
[T 14:25:34 44651] Warning: SEMMLE_EXEC and SEMMLE_EXECP not set. Falling back to path lookup on argv[0].
[T 14:25:34 44651] ==== Candidate to intercept: /opt/codeql/tools/linux64/runner-linux (canonical: /opt/codeql/tools/linux64/runner-linux) ====
[T 14:25:34 44651] Lua: === Intercepted call to /opt/codeql/tools/linux64/runner-linux ===
[T 14:25:34 44651] Executing the following tracer actions:
[T 14:25:34 44651] Tracer actions:
[T 14:25:34 44651] pre_invocations(0)
[T 14:25:34 44651] post_invocations(0)
[T 14:25:34 44651] trace_languages(1): [java]
[T 14:25:34 44651] Initializing tracer.
[T 14:25:34 44651] Initializing tags.
[T 14:25:34 44651] ID set to 000000000000AE6B_0000000000000003 (parent 000000000000AE6B_0000000000000002)
[T 14:25:34 44651] ==== Candidate to intercept: /opt/codeql/java/tools/autobuild.sh (canonical: /opt/codeql/java/tools/autobuild.sh) ====
[T 14:25:34 44651] Lua: === Intercepted call to /opt/codeql/java/tools/autobuild.sh ===
[T 14:25:34 44651] Executing the following tracer actions:
[T 14:25:34 44651] Tracer actions:
[T 14:25:34 44651] pre_invocations(0)
[T 14:25:34 44651] post_invocations(0)
[T 14:25:34 44651] trace_languages(1): [java]
[T 14:25:34 44654] Initializing tracer.
[T 14:25:34 44654] Initializing tags.
[T 14:25:34 44654] ID set to 000000000000AE6E_0000000000000001 (parent 000000000000AE6B_0000000000000003)
[T 14:25:34 44654] ==== Candidate to intercept: /opt/codeql/tools/linux64/java/bin/java (canonical: /opt/codeql/tools/linux64/java/bin/java) ====
[T 14:25:34 44654] Lua: === Intercepted call to /opt/codeql/tools/linux64/java/bin/java ===
[T 14:25:34 44654] Executing the following tracer actions:
[T 14:25:34 44654] Tracer actions:
[T 14:25:34 44654] pre_invocations(0)
[T 14:25:34 44654] post_invocations(0)
[T 14:25:34 44654] trace_languages(1): [java]
[T 14:25:34 44654] Passing through -javaagent:/opt/codeql/java/tools/codeql-java-agent.jar=ignore-project,java,kotlin to underlying JVM.
[T 14:25:34 44654] Passing through -Xbootclasspath/a:/opt/codeql/java/tools/codeql-java-agent.jar to underlying JVM.
[T 14:25:35 44654] Intercepted JVM creation with extra hidden args: ['-javaagent:/opt/codeql/java/tools/codeql-java-agent.jar=ignore-project,java,kotlin' '-Xbootclasspath/a:/opt/codeql/java/tools/codeql-java-agent.jar' ] (result: 1, 0).
[T 14:25:35 44699] Initializing tracer.
[T 14:25:35 44699] Initializing tags.
[T 14:25:35 44699] ID set to 000000000000AE9B_0000000000000001 (parent 000000000000AE6E_0000000000000001)
[T 14:25:35 44699] ==== Candidate to intercept: /opt/codeql/tools/linux64/java/lib/jspawnhelper (canonical: /opt/codeql/tools/linux64/java/lib/jspawnhelper) ====
[T 14:25:35 44699] Lua: === Intercepted call to /opt/codeql/tools/linux64/java/lib/jspawnhelper ===
[T 14:25:35 44699] Executing the following tracer actions:
[T 14:25:35 44699] Tracer actions:
[T 14:25:35 44699] pre_invocations(0)
[T 14:25:35 44699] post_invocations(0)
[T 14:25:35 44699] trace_languages(1): [java]
[T 14:25:35 44699] Initializing tracer.
[T 14:25:35 44699] Initializing tags.
[T 14:25:35 44699] ID set to 000000000000AE9B_0000000000000002 (parent 000000000000AE9B_0000000000000001)
[T 14:25:35 44699] ==== Candidate to intercept: /home/zerep/Desktop/TFG/UseCase/./mvnw (canonical: /home/zerep/Desktop/TFG/UseCase/mvnw) ====
[T 14:25:35 44699] Lua: === Intercepted call to /home/zerep/Desktop/TFG/UseCase/mvnw ===
[T 14:25:35 44699] Executing the following tracer actions:
[T 14:25:35 44699] Tracer actions:
[T 14:25:35 44699] pre_invocations(0)
[T 14:25:35 44699] post_invocations(0)
[T 14:25:35 44699] trace_languages(1): [java]
[T 14:25:35 44700] Initializing tracer.
[T 14:25:35 44700] Initializing tags.
[T 14:25:35 44700] ID set to 000000000000AE9C_0000000000000001 (parent 000000000000AE9B_0000000000000002)
[T 14:25:35 44700] ==== Candidate to intercept: /usr/bin/uname (canonical: /usr/bin/uname) ====
[T 14:25:35 44700] Lua: === Intercepted call to /usr/bin/uname ===
[T 14:25:35 44700] Executing the following tracer actions:
[T 14:25:35 44700] Tracer actions:
[T 14:25:35 44700] pre_invocations(0)
[T 14:25:35 44700] post_invocations(0)
[T 14:25:35 44700] trace_languages(1): [java]
[T 14:25:35 44702] Initializing tracer.
[T 14:25:35 44702] Initializing tags.
[T 14:25:35 44702] ID set to 000000000000AE9E_0000000000000001 (parent 000000000000AE9B_0000000000000002)
[T 14:25:35 44702] ==== Candidate to intercept: /usr/bin/dirname (canonical: /usr/bin/dirname) ====
[T 14:25:35 44702] Lua: === Intercepted call to /usr/bin/dirname ===
[T 14:25:35 44702] Executing the following tracer actions:
[T 14:25:35 44702] Tracer actions:
[T 14:25:35 44702] pre_invocations(0)
[T 14:25:35 44702] post_invocations(0)
[T 14:25:35 44702] trace_languages(1): [java]
[T 14:25:35 44699] Initializing tracer.
[T 14:25:35 44699] Initializing tags.
[T 14:25:35 44699] ID set to 000000000000AE9B_0000000000000003 (parent 000000000000AE9B_0000000000000002)
[T 14:25:35 44699] ==== Candidate to intercept: /usr/lib/jvm/java-17-openjdk-amd64//bin/java (canonical: /usr/lib/jvm/java-17-openjdk-amd64/bin/java) ====
[T 14:25:35 44699] Lua: === Intercepted call to /usr/lib/jvm/java-17-openjdk-amd64/bin/java ===
[T 14:25:35 44699] Executing the following tracer actions:
[T 14:25:35 44699] Tracer actions:
[T 14:25:35 44699] pre_invocations(0)
[T 14:25:35 44699] post_invocations(0)
[T 14:25:35 44699] trace_languages(1): [java]
[T 14:25:35 44699] Passing through -javaagent:/opt/codeql/java/tools/codeql-java-agent.jar=ignore-project,java,kotlin to underlying JVM.
[T 14:25:35 44699] Passing through -Xbootclasspath/a:/opt/codeql/java/tools/codeql-java-agent.jar to underlying JVM.
[T 14:25:35 44699] Intercepted JVM creation with extra hidden args: ['-javaagent:/opt/codeql/java/tools/codeql-java-agent.jar=ignore-project,java,kotlin' '-Xbootclasspath/a:/opt/codeql/java/tools/codeql-java-agent.jar' ] (result: 1, 0).
[T 14:25:37 44777] Initializing tracer.
[T 14:25:37 44777] Initializing tags.
[T 14:25:37 44777] ID set to 000000000000AEE9_0000000000000001 (parent 000000000000AE9B_0000000000000003)
[T 14:25:37 44777] ==== Candidate to intercept: /usr/lib/jvm/java-17-openjdk-amd64/lib/jspawnhelper (canonical: /usr/lib/jvm/java-17-openjdk-amd64/lib/jspawnhelper) ====
[T 14:25:37 44777] Lua: === Intercepted call to /usr/lib/jvm/java-17-openjdk-amd64/lib/jspawnhelper ===
[T 14:25:37 44777] Executing the following tracer actions:
[T 14:25:37 44777] Tracer actions:
[T 14:25:37 44777] pre_invocations(0)
[T 14:25:37 44777] post_invocations(0)
[T 14:25:37 44777] trace_languages(1): [java]
[T 14:25:37 44777] Initializing tracer.
[T 14:25:37 44777] Initializing tags.
[T 14:25:37 44777] ID set to 000000000000AEE9_0000000000000002 (parent 000000000000AEE9_0000000000000001)
[T 14:25:37 44777] ==== Candidate to intercept: /usr/lib/jvm/java-17-openjdk-amd64/bin/java (canonical: /usr/lib/jvm/java-17-openjdk-amd64/bin/java) ====
[T 14:25:37 44777] Lua: === Intercepted call to /usr/lib/jvm/java-17-openjdk-amd64/bin/java ===
[T 14:25:37 44777] Executing the following tracer actions:
[T 14:25:37 44777] Tracer actions:
[T 14:25:37 44777] pre_invocations(0)
[T 14:25:37 44777] post_invocations(0)
[T 14:25:37 44777] trace_languages(1): [java]
[T 14:25:37 44777] Passing through -javaagent:/opt/codeql/java/tools/codeql-java-agent.jar=ignore-project,java,kotlin to underlying JVM.
[T 14:25:37 44777] Passing through -Xbootclasspath/a:/opt/codeql/java/tools/codeql-java-agent.jar to underlying JVM.
[T 14:25:37 44777] Intercepted JVM creation with extra hidden args: ['-javaagent:/opt/codeql/java/tools/codeql-java-agent.jar=ignore-project,java,kotlin' '-Xbootclasspath/a:/opt/codeql/java/tools/codeql-java-agent.jar' ] (result: 1, 0).
[T 14:26:05 45237] CodeQL CLI version 2.20.3
[T 14:26:05 45237] Initializing tracer.
[T 14:26:05 45237] Initializing tags.
[T 14:26:05 45237] ID set to 000000000000B0B5_0000000000000001 (parent root)
[T 14:26:05 45237] Initializing tracer.
[T 14:26:05 45237] Initializing tags.
[T 14:26:05 45237] ID set to 000000000000B0B5_0000000000000002 (parent root)
[T 14:26:05 45237] Warning: SEMMLE_EXEC and SEMMLE_EXECP not set. Falling back to path lookup on argv[0].
[T 14:26:05 45237] ==== Candidate to intercept: /opt/codeql/tools/linux64/runner-linux (canonical: /opt/codeql/tools/linux64/runner-linux) ====
[T 14:26:05 45237] Lua: === Intercepted call to /opt/codeql/tools/linux64/runner-linux ===
[T 14:26:05 45237] Executing the following tracer actions:
[T 14:26:05 45237] Tracer actions:
[T 14:26:05 45237] pre_invocations(0)
[T 14:26:05 45237] post_invocations(0)
[T 14:26:05 45237] trace_languages(1): [java]
[T 14:26:05 45237] Initializing tracer.
[T 14:26:05 45237] Initializing tags.
[T 14:26:05 45237] ID set to 000000000000B0B5_0000000000000003 (parent 000000000000B0B5_0000000000000002)
[T 14:26:05 45237] ==== Candidate to intercept: /opt/codeql/java/tools/autobuild.sh (canonical: /opt/codeql/java/tools/autobuild.sh) ====
[T 14:26:05 45237] Lua: === Intercepted call to /opt/codeql/java/tools/autobuild.sh ===
[T 14:26:05 45237] Executing the following tracer actions:
[T 14:26:05 45237] Tracer actions:
[T 14:26:05 45237] pre_invocations(0)
[T 14:26:05 45237] post_invocations(0)
[T 14:26:05 45237] trace_languages(1): [java]
[T 14:26:05 45240] Initializing tracer.
[T 14:26:05 45240] Initializing tags.
[T 14:26:05 45240] ID set to 000000000000B0B8_0000000000000001 (parent 000000000000B0B5_0000000000000003)
[T 14:26:05 45240] ==== Candidate to intercept: /opt/codeql/tools/linux64/java/bin/java (canonical: /opt/codeql/tools/linux64/java/bin/java) ====
[T 14:26:05 45240] Lua: === Intercepted call to /opt/codeql/tools/linux64/java/bin/java ===
[T 14:26:05 45240] Executing the following tracer actions:
[T 14:26:05 45240] Tracer actions:
[T 14:26:05 45240] pre_invocations(0)
[T 14:26:05 45240] post_invocations(0)
[T 14:26:05 45240] trace_languages(1): [java]
[T 14:26:05 45240] Passing through -javaagent:/opt/codeql/java/tools/codeql-java-agent.jar=ignore-project,java,kotlin to underlying JVM.
[T 14:26:05 45240] Passing through -Xbootclasspath/a:/opt/codeql/java/tools/codeql-java-agent.jar to underlying JVM.
[T 14:26:05 45240] Intercepted JVM creation with extra hidden args: ['-javaagent:/opt/codeql/java/tools/codeql-java-agent.jar=ignore-project,java,kotlin' '-Xbootclasspath/a:/opt/codeql/java/tools/codeql-java-agent.jar' ] (result: 1, 0).
[T 14:26:05 45287] Initializing tracer.
[T 14:26:05 45287] Initializing tags.
[T 14:26:05 45287] ID set to 000000000000B0E7_0000000000000001 (parent 000000000000B0B8_0000000000000001)
[T 14:26:05 45287] ==== Candidate to intercept: /opt/codeql/tools/linux64/java/lib/jspawnhelper (canonical: /opt/codeql/tools/linux64/java/lib/jspawnhelper) ====
[T 14:26:05 45287] Lua: === Intercepted call to /opt/codeql/tools/linux64/java/lib/jspawnhelper ===
[T 14:26:05 45287] Executing the following tracer actions:
[T 14:26:05 45287] Tracer actions:
[T 14:26:05 45287] pre_invocations(0)
[T 14:26:05 45287] post_invocations(0)
[T 14:26:05 45287] trace_languages(1): [java]
[T 14:26:05 45287] Initializing tracer.
[T 14:26:05 45287] Initializing tags.
[T 14:26:05 45287] ID set to 000000000000B0E7_0000000000000002 (parent 000000000000B0E7_0000000000000001)
[T 14:26:05 45287] ==== Candidate to intercept: /home/zerep/Desktop/TFG/UseCase/./mvnw (canonical: /home/zerep/Desktop/TFG/UseCase/mvnw) ====
[T 14:26:05 45287] Lua: === Intercepted call to /home/zerep/Desktop/TFG/UseCase/mvnw ===
[T 14:26:05 45287] Executing the following tracer actions:
[T 14:26:05 45287] Tracer actions:
[T 14:26:05 45287] pre_invocations(0)
[T 14:26:05 45287] post_invocations(0)
[T 14:26:05 45287] trace_languages(1): [java]
[T 14:26:05 45288] Initializing tracer.
[T 14:26:05 45288] Initializing tags.
[T 14:26:05 45288] ID set to 000000000000B0E8_0000000000000001 (parent 000000000000B0E7_0000000000000002)
[T 14:26:05 45288] ==== Candidate to intercept: /usr/bin/uname (canonical: /usr/bin/uname) ====
[T 14:26:05 45288] Lua: === Intercepted call to /usr/bin/uname ===
[T 14:26:05 45288] Executing the following tracer actions:
[T 14:26:05 45288] Tracer actions:
[T 14:26:05 45288] pre_invocations(0)
[T 14:26:05 45288] post_invocations(0)
[T 14:26:05 45288] trace_languages(1): [java]
[T 14:26:05 45290] Initializing tracer.
[T 14:26:05 45290] Initializing tags.
[T 14:26:05 45290] ID set to 000000000000B0EA_0000000000000001 (parent 000000000000B0E7_0000000000000002)
[T 14:26:05 45290] ==== Candidate to intercept: /usr/bin/dirname (canonical: /usr/bin/dirname) ====
[T 14:26:05 45290] Lua: === Intercepted call to /usr/bin/dirname ===
[T 14:26:05 45290] Executing the following tracer actions:
[T 14:26:05 45290] Tracer actions:
[T 14:26:05 45290] pre_invocations(0)
[T 14:26:05 45290] post_invocations(0)
[T 14:26:05 45290] trace_languages(1): [java]
[T 14:26:05 45287] Initializing tracer.
[T 14:26:05 45287] Initializing tags.
[T 14:26:05 45287] ID set to 000000000000B0E7_0000000000000003 (parent 000000000000B0E7_0000000000000002)
[T 14:26:05 45287] ==== Candidate to intercept: /usr/lib/jvm/java-17-openjdk-amd64//bin/java (canonical: /usr/lib/jvm/java-17-openjdk-amd64/bin/java) ====
[T 14:26:05 45287] Lua: === Intercepted call to /usr/lib/jvm/java-17-openjdk-amd64/bin/java ===
[T 14:26:05 45287] Executing the following tracer actions:
[T 14:26:05 45287] Tracer actions:
[T 14:26:05 45287] pre_invocations(0)
[T 14:26:05 45287] post_invocations(0)
[T 14:26:05 45287] trace_languages(1): [java]
[T 14:26:05 45287] Passing through -javaagent:/opt/codeql/java/tools/codeql-java-agent.jar=ignore-project,java,kotlin to underlying JVM.
[T 14:26:05 45287] Passing through -Xbootclasspath/a:/opt/codeql/java/tools/codeql-java-agent.jar to underlying JVM.
[T 14:26:05 45287] Intercepted JVM creation with extra hidden args: ['-javaagent:/opt/codeql/java/tools/codeql-java-agent.jar=ignore-project,java,kotlin' '-Xbootclasspath/a:/opt/codeql/java/tools/codeql-java-agent.jar' ] (result: 1, 0).
[T 14:26:07 45366] Initializing tracer.
[T 14:26:07 45366] Initializing tags.
[T 14:26:07 45366] ID set to 000000000000B136_0000000000000001 (parent 000000000000B0E7_0000000000000003)
[T 14:26:07 45366] ==== Candidate to intercept: /usr/lib/jvm/java-17-openjdk-amd64/lib/jspawnhelper (canonical: /usr/lib/jvm/java-17-openjdk-amd64/lib/jspawnhelper) ====
[T 14:26:07 45366] Lua: === Intercepted call to /usr/lib/jvm/java-17-openjdk-amd64/lib/jspawnhelper ===
[T 14:26:07 45366] Executing the following tracer actions:
[T 14:26:07 45366] Tracer actions:
[T 14:26:07 45366] pre_invocations(0)
[T 14:26:07 45366] post_invocations(0)
[T 14:26:07 45366] trace_languages(1): [java]
[T 14:26:07 45366] Initializing tracer.
[T 14:26:07 45366] Initializing tags.
[T 14:26:07 45366] ID set to 000000000000B136_0000000000000002 (parent 000000000000B136_0000000000000001)
[T 14:26:07 45366] ==== Candidate to intercept: /usr/lib/jvm/java-17-openjdk-amd64/bin/java (canonical: /usr/lib/jvm/java-17-openjdk-amd64/bin/java) ====
[T 14:26:07 45366] Lua: === Intercepted call to /usr/lib/jvm/java-17-openjdk-amd64/bin/java ===
[T 14:26:07 45366] Executing the following tracer actions:
[T 14:26:07 45366] Tracer actions:
[T 14:26:07 45366] pre_invocations(0)
[T 14:26:07 45366] post_invocations(0)
[T 14:26:07 45366] trace_languages(1): [java]
[T 14:26:07 45366] Passing through -javaagent:/opt/codeql/java/tools/codeql-java-agent.jar=ignore-project,java,kotlin to underlying JVM.
[T 14:26:07 45366] Passing through -Xbootclasspath/a:/opt/codeql/java/tools/codeql-java-agent.jar to underlying JVM.
[T 14:26:07 45366] Intercepted JVM creation with extra hidden args: ['-javaagent:/opt/codeql/java/tools/codeql-java-agent.jar=ignore-project,java,kotlin' '-Xbootclasspath/a:/opt/codeql/java/tools/codeql-java-agent.jar' ] (result: 1, 0).
[T 15:06:12 60835] CodeQL CLI version 2.20.3
[T 15:06:12 60835] Initializing tracer.
[T 15:06:12 60835] Initializing tags.
[T 15:06:12 60835] ID set to 000000000000EDA3_0000000000000001 (parent root)
[T 15:06:12 60835] Initializing tracer.
[T 15:06:12 60835] Initializing tags.
[T 15:06:12 60835] ID set to 000000000000EDA3_0000000000000002 (parent root)
[T 15:06:12 60835] Warning: SEMMLE_EXEC and SEMMLE_EXECP not set. Falling back to path lookup on argv[0].
[T 15:06:12 60835] ==== Candidate to intercept: /opt/codeql/tools/linux64/runner-linux (canonical: /opt/codeql/tools/linux64/runner-linux) ====
[T 15:06:12 60835] Lua: === Intercepted call to /opt/codeql/tools/linux64/runner-linux ===
[T 15:06:12 60835] Executing the following tracer actions:
[T 15:06:12 60835] Tracer actions:
[T 15:06:12 60835] pre_invocations(0)
[T 15:06:12 60835] post_invocations(0)
[T 15:06:12 60835] trace_languages(1): [java]
[T 15:06:12 60835] Initializing tracer.
[T 15:06:12 60835] Initializing tags.
[T 15:06:12 60835] ID set to 000000000000EDA3_0000000000000003 (parent 000000000000EDA3_0000000000000002)
[T 15:06:12 60835] ==== Candidate to intercept: /opt/codeql/java/tools/autobuild.sh (canonical: /opt/codeql/java/tools/autobuild.sh) ====
[T 15:06:12 60835] Lua: === Intercepted call to /opt/codeql/java/tools/autobuild.sh ===
[T 15:06:12 60835] Executing the following tracer actions:
[T 15:06:12 60835] Tracer actions:
[T 15:06:12 60835] pre_invocations(0)
[T 15:06:12 60835] post_invocations(0)
[T 15:06:12 60835] trace_languages(1): [java]
[T 15:06:12 60838] Initializing tracer.
[T 15:06:12 60838] Initializing tags.
[T 15:06:12 60838] ID set to 000000000000EDA6_0000000000000001 (parent 000000000000EDA3_0000000000000003)
[T 15:06:12 60838] ==== Candidate to intercept: /opt/codeql/tools/linux64/java/bin/java (canonical: /opt/codeql/tools/linux64/java/bin/java) ====
[T 15:06:12 60838] Lua: === Intercepted call to /opt/codeql/tools/linux64/java/bin/java ===
[T 15:06:12 60838] Executing the following tracer actions:
[T 15:06:12 60838] Tracer actions:
[T 15:06:12 60838] pre_invocations(0)
[T 15:06:12 60838] post_invocations(0)
[T 15:06:12 60838] trace_languages(1): [java]
[T 15:06:12 60838] Passing through -javaagent:/opt/codeql/java/tools/codeql-java-agent.jar=ignore-project,java,kotlin to underlying JVM.
[T 15:06:12 60838] Passing through -Xbootclasspath/a:/opt/codeql/java/tools/codeql-java-agent.jar to underlying JVM.
[T 15:06:12 60838] Intercepted JVM creation with extra hidden args: ['-javaagent:/opt/codeql/java/tools/codeql-java-agent.jar=ignore-project,java,kotlin' '-Xbootclasspath/a:/opt/codeql/java/tools/codeql-java-agent.jar' ] (result: 1, 0).
[T 15:06:12 60875] Initializing tracer.
[T 15:06:12 60875] Initializing tags.
[T 15:06:12 60875] ID set to 000000000000EDCB_0000000000000001 (parent 000000000000EDA6_0000000000000001)
[T 15:06:12 60875] ==== Candidate to intercept: /opt/codeql/tools/linux64/java/lib/jspawnhelper (canonical: /opt/codeql/tools/linux64/java/lib/jspawnhelper) ====
[T 15:06:12 60875] Lua: === Intercepted call to /opt/codeql/tools/linux64/java/lib/jspawnhelper ===
[T 15:06:12 60875] Executing the following tracer actions:
[T 15:06:12 60875] Tracer actions:
[T 15:06:12 60875] pre_invocations(0)
[T 15:06:12 60875] post_invocations(0)
[T 15:06:12 60875] trace_languages(1): [java]
[T 15:06:12 60875] Initializing tracer.
[T 15:06:12 60875] Initializing tags.
[T 15:06:12 60875] ID set to 000000000000EDCB_0000000000000002 (parent 000000000000EDCB_0000000000000001)
[T 15:06:12 60875] ==== Candidate to intercept: /home/zerep/Desktop/TFG/UseCase/./mvnw (canonical: /home/zerep/Desktop/TFG/UseCase/mvnw) ====
[T 15:06:12 60875] Lua: === Intercepted call to /home/zerep/Desktop/TFG/UseCase/mvnw ===
[T 15:06:12 60875] Executing the following tracer actions:
[T 15:06:12 60875] Tracer actions:
[T 15:06:12 60875] pre_invocations(0)
[T 15:06:12 60875] post_invocations(0)
[T 15:06:12 60875] trace_languages(1): [java]
[T 15:06:12 60876] Initializing tracer.
[T 15:06:12 60876] Initializing tags.
[T 15:06:12 60876] ID set to 000000000000EDCC_0000000000000001 (parent 000000000000EDCB_0000000000000002)
[T 15:06:12 60876] ==== Candidate to intercept: /usr/bin/uname (canonical: /usr/bin/uname) ====
[T 15:06:12 60876] Lua: === Intercepted call to /usr/bin/uname ===
[T 15:06:12 60876] Executing the following tracer actions:
[T 15:06:12 60876] Tracer actions:
[T 15:06:12 60876] pre_invocations(0)
[T 15:06:12 60876] post_invocations(0)
[T 15:06:12 60876] trace_languages(1): [java]
[T 15:06:12 60878] Initializing tracer.
[T 15:06:12 60878] Initializing tags.
[T 15:06:12 60878] ID set to 000000000000EDCE_0000000000000001 (parent 000000000000EDCB_0000000000000002)
[T 15:06:12 60878] ==== Candidate to intercept: /usr/bin/dirname (canonical: /usr/bin/dirname) ====
[T 15:06:12 60878] Lua: === Intercepted call to /usr/bin/dirname ===
[T 15:06:12 60878] Executing the following tracer actions:
[T 15:06:12 60878] Tracer actions:
[T 15:06:12 60878] pre_invocations(0)
[T 15:06:12 60878] post_invocations(0)
[T 15:06:12 60878] trace_languages(1): [java]
[T 15:06:12 60875] Initializing tracer.
[T 15:06:12 60875] Initializing tags.
[T 15:06:12 60875] ID set to 000000000000EDCB_0000000000000003 (parent 000000000000EDCB_0000000000000002)
[T 15:06:12 60875] ==== Candidate to intercept: /usr/lib/jvm/java-17-openjdk-amd64//bin/java (canonical: /usr/lib/jvm/java-17-openjdk-amd64/bin/java) ====
[T 15:06:12 60875] Lua: === Intercepted call to /usr/lib/jvm/java-17-openjdk-amd64/bin/java ===
[T 15:06:12 60875] Executing the following tracer actions:
[T 15:06:12 60875] Tracer actions:
[T 15:06:12 60875] pre_invocations(0)
[T 15:06:12 60875] post_invocations(0)
[T 15:06:12 60875] trace_languages(1): [java]
[T 15:06:12 60875] Passing through -javaagent:/opt/codeql/java/tools/codeql-java-agent.jar=ignore-project,java,kotlin to underlying JVM.
[T 15:06:12 60875] Passing through -Xbootclasspath/a:/opt/codeql/java/tools/codeql-java-agent.jar to underlying JVM.
[T 15:06:12 60875] Intercepted JVM creation with extra hidden args: ['-javaagent:/opt/codeql/java/tools/codeql-java-agent.jar=ignore-project,java,kotlin' '-Xbootclasspath/a:/opt/codeql/java/tools/codeql-java-agent.jar' ] (result: 1, 0).
[T 15:06:14 60970] Initializing tracer.
[T 15:06:14 60970] Initializing tags.
[T 15:06:14 60970] ID set to 000000000000EE2A_0000000000000001 (parent 000000000000EDCB_0000000000000003)
[T 15:06:14 60970] ==== Candidate to intercept: /usr/lib/jvm/java-17-openjdk-amd64/lib/jspawnhelper (canonical: /usr/lib/jvm/java-17-openjdk-amd64/lib/jspawnhelper) ====
[T 15:06:14 60970] Lua: === Intercepted call to /usr/lib/jvm/java-17-openjdk-amd64/lib/jspawnhelper ===
[T 15:06:14 60970] Executing the following tracer actions:
[T 15:06:14 60970] Tracer actions:
[T 15:06:14 60970] pre_invocations(0)
[T 15:06:14 60970] post_invocations(0)
[T 15:06:14 60970] trace_languages(1): [java]
[T 15:06:14 60970] Initializing tracer.
[T 15:06:14 60970] Initializing tags.
[T 15:06:14 60970] ID set to 000000000000EE2A_0000000000000002 (parent 000000000000EE2A_0000000000000001)
[T 15:06:14 60970] ==== Candidate to intercept: /usr/lib/jvm/java-17-openjdk-amd64/bin/java (canonical: /usr/lib/jvm/java-17-openjdk-amd64/bin/java) ====
[T 15:06:14 60970] Lua: === Intercepted call to /usr/lib/jvm/java-17-openjdk-amd64/bin/java ===
[T 15:06:14 60970] Executing the following tracer actions:
[T 15:06:14 60970] Tracer actions:
[T 15:06:14 60970] pre_invocations(0)
[T 15:06:14 60970] post_invocations(0)
[T 15:06:14 60970] trace_languages(1): [java]
[T 15:06:14 60970] Passing through -javaagent:/opt/codeql/java/tools/codeql-java-agent.jar=ignore-project,java,kotlin to underlying JVM.
[T 15:06:14 60970] Passing through -Xbootclasspath/a:/opt/codeql/java/tools/codeql-java-agent.jar to underlying JVM.
[T 15:06:14 60970] Intercepted JVM creation with extra hidden args: ['-javaagent:/opt/codeql/java/tools/codeql-java-agent.jar=ignore-project,java,kotlin' '-Xbootclasspath/a:/opt/codeql/java/tools/codeql-java-agent.jar' ] (result: 1, 0).
[T 15:08:22 63060] CodeQL CLI version 2.20.3
[T 15:08:22 63060] Initializing tracer.
[T 15:08:22 63060] Initializing tags.
[T 15:08:22 63060] ID set to 000000000000F654_0000000000000001 (parent root)
[T 15:08:22 63060] Initializing tracer.
[T 15:08:22 63060] Initializing tags.
[T 15:08:22 63060] ID set to 000000000000F654_0000000000000002 (parent root)
[T 15:08:22 63060] Warning: SEMMLE_EXEC and SEMMLE_EXECP not set. Falling back to path lookup on argv[0].
[T 15:08:22 63060] ==== Candidate to intercept: /opt/codeql/tools/linux64/runner-linux (canonical: /opt/codeql/tools/linux64/runner-linux) ====
[T 15:08:22 63060] Lua: === Intercepted call to /opt/codeql/tools/linux64/runner-linux ===
[T 15:08:22 63060] Executing the following tracer actions:
[T 15:08:22 63060] Tracer actions:
[T 15:08:22 63060] pre_invocations(0)
[T 15:08:22 63060] post_invocations(0)
[T 15:08:22 63060] trace_languages(1): [java]
[T 15:08:22 63060] Initializing tracer.
[T 15:08:22 63060] Initializing tags.
[T 15:08:22 63060] ID set to 000000000000F654_0000000000000003 (parent 000000000000F654_0000000000000002)
[T 15:08:22 63060] ==== Candidate to intercept: /opt/codeql/java/tools/autobuild.sh (canonical: /opt/codeql/java/tools/autobuild.sh) ====
[T 15:08:22 63060] Lua: === Intercepted call to /opt/codeql/java/tools/autobuild.sh ===
[T 15:08:22 63060] Executing the following tracer actions:
[T 15:08:22 63060] Tracer actions:
[T 15:08:22 63060] pre_invocations(0)
[T 15:08:22 63060] post_invocations(0)
[T 15:08:22 63060] trace_languages(1): [java]
[T 15:08:22 63063] Initializing tracer.
[T 15:08:22 63063] Initializing tags.
[T 15:08:22 63063] ID set to 000000000000F657_0000000000000001 (parent 000000000000F654_0000000000000003)
[T 15:08:22 63063] ==== Candidate to intercept: /opt/codeql/tools/linux64/java/bin/java (canonical: /opt/codeql/tools/linux64/java/bin/java) ====
[T 15:08:22 63063] Lua: === Intercepted call to /opt/codeql/tools/linux64/java/bin/java ===
[T 15:08:22 63063] Executing the following tracer actions:
[T 15:08:22 63063] Tracer actions:
[T 15:08:22 63063] pre_invocations(0)
[T 15:08:22 63063] post_invocations(0)
[T 15:08:22 63063] trace_languages(1): [java]
[T 15:08:22 63063] Passing through -javaagent:/opt/codeql/java/tools/codeql-java-agent.jar=ignore-project,java,kotlin to underlying JVM.
[T 15:08:22 63063] Passing through -Xbootclasspath/a:/opt/codeql/java/tools/codeql-java-agent.jar to underlying JVM.
[T 15:08:22 63063] Intercepted JVM creation with extra hidden args: ['-javaagent:/opt/codeql/java/tools/codeql-java-agent.jar=ignore-project,java,kotlin' '-Xbootclasspath/a:/opt/codeql/java/tools/codeql-java-agent.jar' ] (result: 1, 0).
[T 15:08:22 63099] Initializing tracer.
[T 15:08:22 63099] Initializing tags.
[T 15:08:22 63099] ID set to 000000000000F67B_0000000000000001 (parent 000000000000F657_0000000000000001)
[T 15:08:22 63099] ==== Candidate to intercept: /opt/codeql/tools/linux64/java/lib/jspawnhelper (canonical: /opt/codeql/tools/linux64/java/lib/jspawnhelper) ====
[T 15:08:22 63099] Lua: === Intercepted call to /opt/codeql/tools/linux64/java/lib/jspawnhelper ===
[T 15:08:22 63099] Executing the following tracer actions:
[T 15:08:22 63099] Tracer actions:
[T 15:08:22 63099] pre_invocations(0)
[T 15:08:22 63099] post_invocations(0)
[T 15:08:22 63099] trace_languages(1): [java]
[T 15:08:22 63099] Initializing tracer.
[T 15:08:22 63099] Initializing tags.
[T 15:08:22 63099] ID set to 000000000000F67B_0000000000000002 (parent 000000000000F67B_0000000000000001)
[T 15:08:22 63099] ==== Candidate to intercept: /home/zerep/Desktop/TFG/UseCase/./mvnw (canonical: /home/zerep/Desktop/TFG/UseCase/mvnw) ====
[T 15:08:22 63099] Lua: === Intercepted call to /home/zerep/Desktop/TFG/UseCase/mvnw ===
[T 15:08:22 63099] Executing the following tracer actions:
[T 15:08:22 63099] Tracer actions:
[T 15:08:22 63099] pre_invocations(0)
[T 15:08:22 63099] post_invocations(0)
[T 15:08:22 63099] trace_languages(1): [java]
[T 15:08:22 63100] Initializing tracer.
[T 15:08:22 63100] Initializing tags.
[T 15:08:22 63100] ID set to 000000000000F67C_0000000000000001 (parent 000000000000F67B_0000000000000002)
[T 15:08:22 63100] ==== Candidate to intercept: /usr/bin/uname (canonical: /usr/bin/uname) ====
[T 15:08:22 63100] Lua: === Intercepted call to /usr/bin/uname ===
[T 15:08:22 63100] Executing the following tracer actions:
[T 15:08:22 63100] Tracer actions:
[T 15:08:22 63100] pre_invocations(0)
[T 15:08:22 63100] post_invocations(0)
[T 15:08:22 63100] trace_languages(1): [java]
[T 15:08:22 63102] Initializing tracer.
[T 15:08:22 63102] Initializing tags.
[T 15:08:22 63102] ID set to 000000000000F67E_0000000000000001 (parent 000000000000F67B_0000000000000002)
[T 15:08:22 63102] ==== Candidate to intercept: /usr/bin/dirname (canonical: /usr/bin/dirname) ====
[T 15:08:22 63102] Lua: === Intercepted call to /usr/bin/dirname ===
[T 15:08:22 63102] Executing the following tracer actions:
[T 15:08:22 63102] Tracer actions:
[T 15:08:22 63102] pre_invocations(0)
[T 15:08:22 63102] post_invocations(0)
[T 15:08:22 63102] trace_languages(1): [java]
[T 15:08:22 63099] Initializing tracer.
[T 15:08:22 63099] Initializing tags.
[T 15:08:22 63099] ID set to 000000000000F67B_0000000000000003 (parent 000000000000F67B_0000000000000002)
[T 15:08:22 63099] ==== Candidate to intercept: /usr/lib/jvm/java-17-openjdk-amd64//bin/java (canonical: /usr/lib/jvm/java-17-openjdk-amd64/bin/java) ====
[T 15:08:22 63099] Lua: === Intercepted call to /usr/lib/jvm/java-17-openjdk-amd64/bin/java ===
[T 15:08:22 63099] Executing the following tracer actions:
[T 15:08:22 63099] Tracer actions:
[T 15:08:22 63099] pre_invocations(0)
[T 15:08:22 63099] post_invocations(0)
[T 15:08:22 63099] trace_languages(1): [java]
[T 15:08:22 63099] Passing through -javaagent:/opt/codeql/java/tools/codeql-java-agent.jar=ignore-project,java,kotlin to underlying JVM.
[T 15:08:22 63099] Passing through -Xbootclasspath/a:/opt/codeql/java/tools/codeql-java-agent.jar to underlying JVM.
[T 15:08:22 63099] Intercepted JVM creation with extra hidden args: ['-javaagent:/opt/codeql/java/tools/codeql-java-agent.jar=ignore-project,java,kotlin' '-Xbootclasspath/a:/opt/codeql/java/tools/codeql-java-agent.jar' ] (result: 1, 0).
[T 15:08:24 63176] Initializing tracer.
[T 15:08:24 63176] Initializing tags.
[T 15:08:24 63176] ID set to 000000000000F6C8_0000000000000001 (parent 000000000000F67B_0000000000000003)
[T 15:08:24 63176] ==== Candidate to intercept: /usr/lib/jvm/java-17-openjdk-amd64/lib/jspawnhelper (canonical: /usr/lib/jvm/java-17-openjdk-amd64/lib/jspawnhelper) ====
[T 15:08:24 63176] Lua: === Intercepted call to /usr/lib/jvm/java-17-openjdk-amd64/lib/jspawnhelper ===
[T 15:08:24 63176] Executing the following tracer actions:
[T 15:08:24 63176] Tracer actions:
[T 15:08:24 63176] pre_invocations(0)
[T 15:08:24 63176] post_invocations(0)
[T 15:08:24 63176] trace_languages(1): [java]
[T 15:08:24 63176] Initializing tracer.
[T 15:08:24 63176] Initializing tags.
[T 15:08:24 63176] ID set to 000000000000F6C8_0000000000000002 (parent 000000000000F6C8_0000000000000001)
[T 15:08:24 63176] ==== Candidate to intercept: /usr/lib/jvm/java-17-openjdk-amd64/bin/java (canonical: /usr/lib/jvm/java-17-openjdk-amd64/bin/java) ====
[T 15:08:24 63176] Lua: === Intercepted call to /usr/lib/jvm/java-17-openjdk-amd64/bin/java ===
[T 15:08:24 63176] Executing the following tracer actions:
[T 15:08:24 63176] Tracer actions:
[T 15:08:24 63176] pre_invocations(0)
[T 15:08:24 63176] post_invocations(0)
[T 15:08:24 63176] trace_languages(1): [java]
[T 15:08:24 63176] Passing through -javaagent:/opt/codeql/java/tools/codeql-java-agent.jar=ignore-project,java,kotlin to underlying JVM.
[T 15:08:24 63176] Passing through -Xbootclasspath/a:/opt/codeql/java/tools/codeql-java-agent.jar to underlying JVM.
[T 15:08:24 63176] Intercepted JVM creation with extra hidden args: ['-javaagent:/opt/codeql/java/tools/codeql-java-agent.jar=ignore-project,java,kotlin' '-Xbootclasspath/a:/opt/codeql/java/tools/codeql-java-agent.jar' ] (result: 1, 0).
[T 15:08:35 63383] Initializing tracer.
[T 15:08:35 63383] Initializing tags.
[T 15:08:35 63383] ID set to 000000000000F797_0000000000000001 (parent 000000000000F67B_0000000000000003)
[T 15:08:35 63383] ==== Candidate to intercept: /usr/lib/jvm/java-17-openjdk-amd64/lib/jspawnhelper (canonical: /usr/lib/jvm/java-17-openjdk-amd64/lib/jspawnhelper) ====
[T 15:08:35 63383] Lua: === Intercepted call to /usr/lib/jvm/java-17-openjdk-amd64/lib/jspawnhelper ===
[T 15:08:35 63383] Executing the following tracer actions:
[T 15:08:35 63383] Tracer actions:
[T 15:08:35 63383] pre_invocations(0)
[T 15:08:35 63383] post_invocations(0)
[T 15:08:35 63383] trace_languages(1): [java]
[T 15:08:35 63383] Initializing tracer.
[T 15:08:35 63383] Initializing tags.
[T 15:08:35 63383] ID set to 000000000000F797_0000000000000002 (parent 000000000000F797_0000000000000001)
[T 15:08:35 63383] ==== Candidate to intercept: /usr/lib/jvm/java-17-openjdk-amd64/bin/java (canonical: /usr/lib/jvm/java-17-openjdk-amd64/bin/java) ====
[T 15:08:35 63383] Lua: === Intercepted call to /usr/lib/jvm/java-17-openjdk-amd64/bin/java ===
[T 15:08:35 63383] Executing the following tracer actions:
[T 15:08:35 63383] Tracer actions:
[T 15:08:35 63383] pre_invocations(0)
[T 15:08:35 63383] post_invocations(0)
[T 15:08:35 63383] trace_languages(1): [java]
[T 15:08:35 63383] Passing through -javaagent:/opt/codeql/java/tools/codeql-java-agent.jar=ignore-project,java,kotlin to underlying JVM.
[T 15:08:35 63383] Passing through -Xbootclasspath/a:/opt/codeql/java/tools/codeql-java-agent.jar to underlying JVM.
[T 15:08:35 63383] Intercepted JVM creation with extra hidden args: ['-javaagent:/opt/codeql/java/tools/codeql-java-agent.jar=ignore-project,java,kotlin' '-Xbootclasspath/a:/opt/codeql/java/tools/codeql-java-agent.jar' ] (result: 1, 0).
