[2025-02-16 16:08:36] [javac-extractor-63383] Starting extraction for:
                                              sun.java.command=com.semmle.extractor.java.JavaExtractor --jdk-version 17 --javac-args @@@/home/zerep/Desktop/TFG/UseCase/cql_db/log/ext/javac-4.args
                                              user.dir=/home/zerep/Desktop/TFG/UseCase
[2025-02-16 16:08:36] [javac-extractor-63383] Compilation name /home/zerep/Desktop/TFG/UseCase/cql_db/trap/java/diagnostics/diagnostic-1.trap.gz
[2025-02-16 16:08:36] [javac-extractor-63383] [WARN] Appending source destination directory /home/zerep/Desktop/TFG/UseCase/target/generated-test-sources/test-annotations to sourcepath
[2025-02-16 16:08:37] [javac-extractor-63383] Annotation processor class 'lombok.launch.AnnotationProcessorHider$AnnotationProcessor' initialized.
[2025-02-16 16:08:37] [javac-extractor-63383] Annotation processor class 'lombok.launch.AnnotationProcessorHider$ClaimingProcessor' initialized.
[2025-02-16 16:08:37] [javac-extractor-63383] Processing file /home/zerep/Desktop/TFG/UseCase/src/test/java/com/umugram/Tfg/CommentRepositoryTests.java
[2025-02-16 16:08:37] [javac-extractor-63383] [WARN] Not rewriting trap file for /home/zerep/Desktop/TFG/UseCase/cql_db/trap/java/classes/org/springframework/beans/factory/annotation/Autowired.members/Autowired.members#61.0-1720676600000-java.trap.gz as it exists
[2025-02-16 16:08:37] [javac-extractor-63383] [WARN] Not rewriting trap file for /home/zerep/Desktop/TFG/UseCase/cql_db/trap/java/classes/java/time/LocalDate.members/LocalDate.members#61.0-1716983066000-java.trap.gz as it exists
[2025-02-16 16:08:37] [javac-extractor-63383] [WARN] Not rewriting trap file for /home/zerep/Desktop/TFG/UseCase/cql_db/trap/java/classes/com/umugram/Tfg/domain/User.members/User.members#61.0-1739718504701-java.trap.gz as /home/zerep/Desktop/TFG/UseCase/cql_db/trap/java/classes/com/umugram/Tfg/domain/User.members/User.members#0.0-1739714198145-java.trap.gz exists
[2025-02-16 16:08:37] [javac-extractor-63383] [WARN] Not rewriting trap file for /home/zerep/Desktop/TFG/UseCase/cql_db/trap/java/classes/com/umugram/Tfg/repositories/CommentRepository.members/CommentRepository.members#61.0-1739718504757-java.trap.gz as /home/zerep/Desktop/TFG/UseCase/cql_db/trap/java/classes/com/umugram/Tfg/repositories/CommentRepository.members/CommentRepository.members#0.0-1739713204332-java.trap.gz exists
[2025-02-16 16:08:37] [javac-extractor-63383] [WARN] Not rewriting trap file for /home/zerep/Desktop/TFG/UseCase/cql_db/trap/java/classes/com/umugram/Tfg/repositories/UserRepository.members/UserRepository.members#61.0-1739718504761-java.trap.gz as /home/zerep/Desktop/TFG/UseCase/cql_db/trap/java/classes/com/umugram/Tfg/repositories/UserRepository.members/UserRepository.members#0.0-1739713204348-java.trap.gz exists
[2025-02-16 16:08:37] [javac-extractor-63383] [WARN] Not rewriting trap file for /home/zerep/Desktop/TFG/UseCase/cql_db/trap/java/classes/com/umugram/Tfg/repositories/PostRepository.members/PostRepository.members#61.0-1739718504753-java.trap.gz as /home/zerep/Desktop/TFG/UseCase/cql_db/trap/java/classes/com/umugram/Tfg/repositories/PostRepository.members/PostRepository.members#0.0-1739718498057-java.trap.gz exists
[2025-02-16 16:08:37] [javac-extractor-63383] [WARN] Not rewriting trap file for /home/zerep/Desktop/TFG/UseCase/cql_db/trap/java/classes/java/lang/Object.members/Object.members#61.0-1716983066000-java.trap.gz as it exists
[2025-02-16 16:08:37] [javac-extractor-63383] [WARN] Not rewriting trap file for /home/zerep/Desktop/TFG/UseCase/cql_db/trap/java/classes/com/umugram/Tfg/domain/Profile.members/Profile.members#61.0-1739718504709-java.trap.gz as /home/zerep/Desktop/TFG/UseCase/cql_db/trap/java/classes/com/umugram/Tfg/domain/Profile.members/Profile.members#0.0-1739713204352-java.trap.gz exists
[2025-02-16 16:08:37] [javac-extractor-63383] [WARN] Not rewriting trap file for /home/zerep/Desktop/TFG/UseCase/cql_db/trap/java/classes/java/lang/String.members/String.members#61.0-1716983066000-java.trap.gz as it exists
[2025-02-16 16:08:37] [javac-extractor-63383] [WARN] Not rewriting trap file for /home/zerep/Desktop/TFG/UseCase/cql_db/trap/java/classes/java/lang/Long.members/Long.members#61.0-1716983066000-java.trap.gz as it exists
[2025-02-16 16:08:37] [javac-extractor-63383] [WARN] Not rewriting trap file for /home/zerep/Desktop/TFG/UseCase/cql_db/trap/java/classes/org/springframework/data/repository/CrudRepository.members/CrudRepository.members#61.0-1720797706000-java.trap.gz as it exists
[2025-02-16 16:08:37] [javac-extractor-63383] [WARN] Not rewriting trap file for /home/zerep/Desktop/TFG/UseCase/cql_db/trap/java/classes/org/springframework/data/repository/Repository.members/Repository.members#61.0-1720797706000-java.trap.gz as it exists
[2025-02-16 16:08:37] [javac-extractor-63383] [WARN] Not rewriting trap file for /home/zerep/Desktop/TFG/UseCase/cql_db/trap/java/classes/org/springframework/stereotype/Indexed.members/Indexed.members#61.0-1720676606000-java.trap.gz as it exists
[2025-02-16 16:08:37] [javac-extractor-63383] [WARN] Not rewriting trap file for /home/zerep/Desktop/TFG/UseCase/cql_db/trap/java/classes/org/springframework/data/repository/NoRepositoryBean.members/NoRepositoryBean.members#61.0-1720797706000-java.trap.gz as it exists
[2025-02-16 16:08:37] [javac-extractor-63383] [WARN] Not rewriting trap file for /home/zerep/Desktop/TFG/UseCase/cql_db/trap/java/classes/java/lang/Iterable.members/Iterable.members#61.0-1716983066000-java.trap.gz as it exists
[2025-02-16 16:08:37] [javac-extractor-63383] [WARN] Not rewriting trap file for /home/zerep/Desktop/TFG/UseCase/cql_db/trap/java/classes/java/util/Optional.members/Optional.members#61.0-1716983066000-java.trap.gz as it exists
[2025-02-16 16:08:37] [javac-extractor-63383] [WARN] Not rewriting trap file for /home/zerep/Desktop/TFG/UseCase/cql_db/trap/java/classes/jdk/internal/ValueBased.members/ValueBased.members#61.0-1716983066000-java.trap.gz as it exists
[2025-02-16 16:08:37] [javac-extractor-63383] [WARN] Not rewriting trap file for /home/zerep/Desktop/TFG/UseCase/cql_db/trap/java/classes/com/umugram/Tfg/domain/Comment.members/Comment.members#61.0-1739718504649-java.trap.gz as /home/zerep/Desktop/TFG/UseCase/cql_db/trap/java/classes/com/umugram/Tfg/domain/Comment.members/Comment.members#0.0-1739713204328-java.trap.gz exists
[2025-02-16 16:08:37] [javac-extractor-63383] [WARN] Not rewriting trap file for /home/zerep/Desktop/TFG/UseCase/cql_db/trap/java/classes/com/umugram/Tfg/domain/Post.members/Post.members#61.0-1739718504661-java.trap.gz as /home/zerep/Desktop/TFG/UseCase/cql_db/trap/java/classes/com/umugram/Tfg/domain/Post.members/Post.members#0.0-1739714248001-java.trap.gz exists
[2025-02-16 16:08:37] [javac-extractor-63383] [WARN] Not rewriting trap file for /home/zerep/Desktop/TFG/UseCase/cql_db/trap/java/classes/com/umugram/Tfg/domain/PhotoPost.members/PhotoPost.members#61.0-1739718504713-java.trap.gz as /home/zerep/Desktop/TFG/UseCase/cql_db/trap/java/classes/com/umugram/Tfg/domain/PhotoPost.members/PhotoPost.members#0.0-1739714315614-java.trap.gz exists
[2025-02-16 16:08:37] [javac-extractor-63383] [WARN] Not rewriting trap file for /home/zerep/Desktop/TFG/UseCase/cql_db/trap/java/classes/java/util/function/Supplier.members/Supplier.members#61.0-1716983066000-java.trap.gz as it exists
[2025-02-16 16:08:37] [javac-extractor-63383] [WARN] Not rewriting trap file for /home/zerep/Desktop/TFG/UseCase/cql_db/trap/java/classes/java/lang/FunctionalInterface.members/FunctionalInterface.members#61.0-1716983066000-java.trap.gz as it exists
[2025-02-16 16:08:37] [javac-extractor-63383] [WARN] Not rewriting trap file for /home/zerep/Desktop/TFG/UseCase/cql_db/trap/java/classes/java/lang/Throwable.members/Throwable.members#61.0-1716983066000-java.trap.gz as it exists
[2025-02-16 16:08:37] [javac-extractor-63383] [WARN] Not rewriting trap file for /home/zerep/Desktop/TFG/UseCase/cql_db/trap/java/classes/java/util/stream/Stream.members/Stream.members#61.0-1716983066000-java.trap.gz as it exists
[2025-02-16 16:08:37] [javac-extractor-63383] [WARN] Not rewriting trap file for /home/zerep/Desktop/TFG/UseCase/cql_db/trap/java/classes/java/util/stream/BaseStream.members/BaseStream.members#61.0-1716983066000-java.trap.gz as it exists
[2025-02-16 16:08:37] [javac-extractor-63383] [WARN] Not rewriting trap file for /home/zerep/Desktop/TFG/UseCase/cql_db/trap/java/classes/java/lang/AutoCloseable.members/AutoCloseable.members#61.0-1716983066000-java.trap.gz as it exists
[2025-02-16 16:08:37] [javac-extractor-63383] [WARN] Not rewriting trap file for /home/zerep/Desktop/TFG/UseCase/cql_db/trap/java/classes/java/util/function/Function.members/Function.members#61.0-1716983066000-java.trap.gz as it exists
[2025-02-16 16:08:37] [javac-extractor-63383] [WARN] Not rewriting trap file for /home/zerep/Desktop/TFG/UseCase/cql_db/trap/java/classes/java/util/function/Predicate.members/Predicate.members#61.0-1716983066000-java.trap.gz as it exists
[2025-02-16 16:08:37] [javac-extractor-63383] [WARN] Not rewriting trap file for /home/zerep/Desktop/TFG/UseCase/cql_db/trap/java/classes/java/util/function/Consumer.members/Consumer.members#61.0-1716983066000-java.trap.gz as it exists
[2025-02-16 16:08:37] [javac-extractor-63383] [WARN] Not rewriting trap file for /home/zerep/Desktop/TFG/UseCase/cql_db/trap/java/classes/java/lang/Runnable.members/Runnable.members#61.0-1716983066000-java.trap.gz as it exists
[2025-02-16 16:08:37] [javac-extractor-63383] [WARN] Not rewriting trap file for /home/zerep/Desktop/TFG/UseCase/cql_db/trap/java/classes/org/springframework/data/jpa/repository/JpaRepository.members/JpaRepository.members#61.0-1720797852000-java.trap.gz as it exists
[2025-02-16 16:08:37] [javac-extractor-63383] [WARN] Not rewriting trap file for /home/zerep/Desktop/TFG/UseCase/cql_db/trap/java/classes/org/springframework/data/repository/ListCrudRepository.members/ListCrudRepository.members#61.0-1720797706000-java.trap.gz as it exists
[2025-02-16 16:08:37] [javac-extractor-63383] [WARN] Not rewriting trap file for /home/zerep/Desktop/TFG/UseCase/cql_db/trap/java/classes/org/springframework/data/repository/ListPagingAndSortingRepository.members/ListPagingAndSortingRepository.members#61.0-1720797708000-java.trap.gz as it exists
[2025-02-16 16:08:37] [javac-extractor-63383] [WARN] Not rewriting trap file for /home/zerep/Desktop/TFG/UseCase/cql_db/trap/java/classes/org/springframework/data/repository/PagingAndSortingRepository.members/PagingAndSortingRepository.members#61.0-1720797708000-java.trap.gz as it exists
[2025-02-16 16:08:37] [javac-extractor-63383] [WARN] Not rewriting trap file for /home/zerep/Desktop/TFG/UseCase/cql_db/trap/java/classes/org/springframework/data/repository/query/QueryByExampleExecutor.members/QueryByExampleExecutor.members#61.0-1720797708000-java.trap.gz as it exists
[2025-02-16 16:08:37] [javac-extractor-63383] [WARN] Not rewriting trap file for /home/zerep/Desktop/TFG/UseCase/cql_db/trap/java/classes/java/util/List.members/List.members#61.0-1716983066000-java.trap.gz as it exists
[2025-02-16 16:08:37] [javac-extractor-63383] [WARN] Not rewriting trap file for /home/zerep/Desktop/TFG/UseCase/cql_db/trap/java/classes/java/util/Collection.members/Collection.members#61.0-1716983066000-java.trap.gz as it exists
[2025-02-16 16:08:37] [javac-extractor-63383] [WARN] Not rewriting trap file for /home/zerep/Desktop/TFG/UseCase/cql_db/trap/java/classes/org/springframework/data/domain/Pageable.members/Pageable.members#61.0-1720797704000-java.trap.gz as it exists
[2025-02-16 16:08:37] [javac-extractor-63383] [WARN] Not rewriting trap file for /home/zerep/Desktop/TFG/UseCase/cql_db/trap/java/classes/org/springframework/data/domain/Page.members/Page.members#61.0-1720797706000-java.trap.gz as it exists
[2025-02-16 16:08:37] [javac-extractor-63383] [WARN] Not rewriting trap file for /home/zerep/Desktop/TFG/UseCase/cql_db/trap/java/classes/org/springframework/data/domain/Slice.members/Slice.members#61.0-1720797706000-java.trap.gz as it exists
[2025-02-16 16:08:37] [javac-extractor-63383] [WARN] Not rewriting trap file for /home/zerep/Desktop/TFG/UseCase/cql_db/trap/java/classes/org/springframework/data/util/Streamable.members/Streamable.members#61.0-1720797704000-java.trap.gz as it exists
[2025-02-16 16:08:37] [javac-extractor-63383] [WARN] Not rewriting trap file for /home/zerep/Desktop/TFG/UseCase/cql_db/trap/java/classes/org/springframework/data/domain/Sort.members/Sort.members#61.0-1720797704000-java.trap.gz as it exists
[2025-02-16 16:08:37] [javac-extractor-63383] [WARN] Not rewriting trap file for /home/zerep/Desktop/TFG/UseCase/cql_db/trap/java/classes/org/springframework/data/domain/Example.members/Example.members#61.0-1720797708000-java.trap.gz as it exists
[2025-02-16 16:08:37] [javac-extractor-63383] [WARN] Not rewriting trap file for /home/zerep/Desktop/TFG/UseCase/cql_db/trap/java/classes/org/springframework/data/repository/query/FluentQuery$FetchableFluentQuery.members/FluentQuery$FetchableFluentQuery.members#61.0-1720797706000-java.trap.gz as it exists
[2025-02-16 16:08:37] [javac-extractor-63383] [WARN] Not rewriting trap file for /home/zerep/Desktop/TFG/UseCase/cql_db/trap/java/classes/org/springframework/data/repository/query/FluentQuery.members/FluentQuery.members#61.0-1720797706000-java.trap.gz as it exists
[2025-02-16 16:08:37] [javac-extractor-63383] [WARN] Not rewriting trap file for /home/zerep/Desktop/TFG/UseCase/cql_db/trap/java/classes/java/lang/Cloneable.members/Cloneable.members#61.0-1716983066000-java.trap.gz as it exists
[2025-02-16 16:08:37] [javac-extractor-63383] [WARN] Not rewriting trap file for /home/zerep/Desktop/TFG/UseCase/cql_db/trap/java/classes/java/io/Serializable.members/Serializable.members#61.0-1716983066000-java.trap.gz as it exists
[2025-02-16 16:08:37] [javac-extractor-63383] [WARN] Not rewriting trap file for /home/zerep/Desktop/TFG/UseCase/cql_db/trap/java/classes/java/lang/Class.members/Class.members#61.0-1716983066000-java.trap.gz as it exists
[2025-02-16 16:08:37] [javac-extractor-63383] [WARN] Not rewriting trap file for /home/zerep/Desktop/TFG/UseCase/cql_db/trap/java/classes/java/lang/reflect/GenericDeclaration.members/GenericDeclaration.members#61.0-1716983066000-java.trap.gz as it exists
[2025-02-16 16:08:37] [javac-extractor-63383] [WARN] Not rewriting trap file for /home/zerep/Desktop/TFG/UseCase/cql_db/trap/java/classes/java/lang/reflect/Type.members/Type.members#61.0-1716983066000-java.trap.gz as it exists
[2025-02-16 16:08:37] [javac-extractor-63383] [WARN] Not rewriting trap file for /home/zerep/Desktop/TFG/UseCase/cql_db/trap/java/classes/java/lang/reflect/AnnotatedElement.members/AnnotatedElement.members#61.0-1716983066000-java.trap.gz as it exists
[2025-02-16 16:08:37] [javac-extractor-63383] [WARN] Not rewriting trap file for /home/zerep/Desktop/TFG/UseCase/cql_db/trap/java/classes/java/lang/invoke/TypeDescriptor$OfField.members/TypeDescriptor$OfField.members#61.0-1716983066000-java.trap.gz as it exists
[2025-02-16 16:08:37] [javac-extractor-63383] [WARN] Not rewriting trap file for /home/zerep/Desktop/TFG/UseCase/cql_db/trap/java/classes/java/lang/invoke/TypeDescriptor.members/TypeDescriptor.members#61.0-1716983066000-java.trap.gz as it exists
[2025-02-16 16:08:37] [javac-extractor-63383] [WARN] Not rewriting trap file for /home/zerep/Desktop/TFG/UseCase/cql_db/trap/java/classes/java/lang/constant/Constable.members/Constable.members#61.0-1716983066000-java.trap.gz as it exists
[2025-02-16 16:08:37] [javac-extractor-63383] [WARN] Not rewriting trap file for /home/zerep/Desktop/TFG/UseCase/cql_db/trap/java/classes/java/time/Duration.members/Duration.members#61.0-1716983066000-java.trap.gz as it exists
[2025-02-16 16:08:37] [javac-extractor-63383] [WARN] Not rewriting trap file for /home/zerep/Desktop/TFG/UseCase/cql_db/trap/java/classes/java/lang/Character.members/Character.members#61.0-1716983066000-java.trap.gz as it exists
[2025-02-16 16:08:37] [javac-extractor-63383] [WARN] Not rewriting trap file for /home/zerep/Desktop/TFG/UseCase/cql_db/trap/java/classes/java/lang/Double.members/Double.members#61.0-1716983066000-java.trap.gz as it exists
[2025-02-16 16:08:37] [javac-extractor-63383] [WARN] Not rewriting trap file for /home/zerep/Desktop/TFG/UseCase/cql_db/trap/java/classes/java/lang/Float.members/Float.members#61.0-1716983066000-java.trap.gz as it exists
[2025-02-16 16:08:37] [javac-extractor-63383] [WARN] Not rewriting trap file for /home/zerep/Desktop/TFG/UseCase/cql_db/trap/java/classes/java/lang/Integer.members/Integer.members#61.0-1716983066000-java.trap.gz as it exists
[2025-02-16 16:08:37] [javac-extractor-63383] [WARN] Not rewriting trap file for /home/zerep/Desktop/TFG/UseCase/cql_db/trap/java/classes/java/lang/Short.members/Short.members#61.0-1716983066000-java.trap.gz as it exists
[2025-02-16 16:08:37] [javac-extractor-63383] [WARN] Not rewriting trap file for /home/zerep/Desktop/TFG/UseCase/cql_db/trap/java/classes/java/lang/Byte.members/Byte.members#61.0-1716983066000-java.trap.gz as it exists
[2025-02-16 16:08:37] [javac-extractor-63383] [WARN] Not rewriting trap file for /home/zerep/Desktop/TFG/UseCase/cql_db/trap/java/classes/java/lang/annotation/Annotation.members/Annotation.members#61.0-1716983066000-java.trap.gz as it exists
[2025-02-16 16:08:37] [javac-extractor-63383] [WARN] Not rewriting trap file for /home/zerep/Desktop/TFG/UseCase/cql_db/trap/java/classes/java/lang/annotation/Documented.members/Documented.members#61.0-1716983066000-java.trap.gz as it exists
[2025-02-16 16:08:37] [javac-extractor-63383] [WARN] Not rewriting trap file for /home/zerep/Desktop/TFG/UseCase/cql_db/trap/java/classes/java/lang/annotation/Inherited.members/Inherited.members#61.0-1716983066000-java.trap.gz as it exists
[2025-02-16 16:08:37] [javac-extractor-63383] [WARN] Not rewriting trap file for /home/zerep/Desktop/TFG/UseCase/cql_db/trap/java/classes/java/lang/annotation/Retention.members/Retention.members#61.0-1716983066000-java.trap.gz as it exists
[2025-02-16 16:08:37] [javac-extractor-63383] [WARN] Not rewriting trap file for /home/zerep/Desktop/TFG/UseCase/cql_db/trap/java/classes/java/lang/annotation/RetentionPolicy.members/RetentionPolicy.members#61.0-1716983066000-java.trap.gz as it exists
[2025-02-16 16:08:37] [javac-extractor-63383] [WARN] Not rewriting trap file for /home/zerep/Desktop/TFG/UseCase/cql_db/trap/java/classes/java/lang/annotation/Target.members/Target.members#61.0-1716983066000-java.trap.gz as it exists
[2025-02-16 16:08:37] [javac-extractor-63383] [WARN] Not rewriting trap file for /home/zerep/Desktop/TFG/UseCase/cql_db/trap/java/classes/java/lang/annotation/ElementType.members/ElementType.members#61.0-1716983066000-java.trap.gz as it exists
[2025-02-16 16:08:37] [javac-extractor-63383] [WARN] Not rewriting trap file for /home/zerep/Desktop/TFG/UseCase/cql_db/trap/java/classes/org/springframework/core/annotation/AliasFor.members/AliasFor.members#61.0-1720676596000-java.trap.gz as it exists
[2025-02-16 16:08:37] [javac-extractor-63383] [WARN] Not rewriting trap file for /home/zerep/Desktop/TFG/UseCase/cql_db/trap/java/classes/java/lang/Enum.members/Enum.members#61.0-1716983066000-java.trap.gz as it exists
[2025-02-16 16:08:37] [javac-extractor-63383] [WARN] Not rewriting trap file for /home/zerep/Desktop/TFG/UseCase/cql_db/trap/java/classes/java/lang/Comparable.members/Comparable.members#61.0-1716983066000-java.trap.gz as it exists
[2025-02-16 16:08:37] [javac-extractor-63383] [WARN] Not rewriting trap file for /home/zerep/Desktop/TFG/UseCase/cql_db/trap/java/classes/java/lang/Enum$EnumDesc.members/Enum$EnumDesc.members#61.0-1716983066000-java.trap.gz as it exists
[2025-02-16 16:08:37] [javac-extractor-63383] [WARN] Not rewriting trap file for /home/zerep/Desktop/TFG/UseCase/cql_db/trap/java/classes/java/lang/constant/DynamicConstantDesc.members/DynamicConstantDesc.members#61.0-1716983066000-java.trap.gz as it exists
[2025-02-16 16:08:37] [javac-extractor-63383] [WARN] Not rewriting trap file for /home/zerep/Desktop/TFG/UseCase/cql_db/trap/java/classes/java/lang/constant/ConstantDesc.members/ConstantDesc.members#61.0-1716983066000-java.trap.gz as it exists
[2025-02-16 16:08:37] [javac-extractor-63383] [WARN] Not rewriting trap file for /home/zerep/Desktop/TFG/UseCase/cql_db/trap/java/classes/java/lang/CloneNotSupportedException.members/CloneNotSupportedException.members#61.0-1716983066000-java.trap.gz as it exists
[2025-02-16 16:08:37] [javac-extractor-63383] [WARN] Not rewriting trap file for /home/zerep/Desktop/TFG/UseCase/cql_db/trap/java/classes/java/lang/annotation/Repeatable.members/Repeatable.members#61.0-1716983066000-java.trap.gz as it exists
[2025-02-16 16:08:37] [javac-extractor-63383] [WARN] Not rewriting trap file for /home/zerep/Desktop/TFG/UseCase/cql_db/trap/java/classes/org/springframework/context/ApplicationContext.members/ApplicationContext.members#61.0-1720676606000-java.trap.gz as it exists
[2025-02-16 16:08:37] [javac-extractor-63383] [WARN] Not rewriting trap file for /home/zerep/Desktop/TFG/UseCase/cql_db/trap/java/classes/org/springframework/lang/Nullable.members/Nullable.members#61.0-1720676596000-java.trap.gz as it exists
[2025-02-16 16:08:37] [javac-extractor-63383] [WARN] Not rewriting trap file for /home/zerep/Desktop/TFG/UseCase/cql_db/trap/java/classes/java/lang/Exception.members/Exception.members#61.0-1716983066000-java.trap.gz as it exists
[2025-02-16 16:08:37] [javac-extractor-63383] [WARN] Not rewriting trap file for /home/zerep/Desktop/TFG/UseCase/cql_db/trap/java/classes/java/lang/Error.members/Error.members#61.0-1716983066000-java.trap.gz as it exists
[2025-02-16 16:08:37] [javac-extractor-63383] [WARN] Not rewriting trap file for /home/zerep/Desktop/TFG/UseCase/cql_db/trap/java/classes/java/util/Map.members/Map.members#61.0-1716983066000-java.trap.gz as it exists
[2025-02-16 16:08:37] [javac-extractor-63383] [WARN] Not rewriting trap file for /home/zerep/Desktop/TFG/UseCase/cql_db/trap/java/classes/java/lang/reflect/Method.members/Method.members#61.0-1716983066000-java.trap.gz as it exists
[2025-02-16 16:08:37] [javac-extractor-63383] [WARN] Not rewriting trap file for /home/zerep/Desktop/TFG/UseCase/cql_db/trap/java/classes/java/util/Set.members/Set.members#61.0-1716983066000-java.trap.gz as it exists
[2025-02-16 16:08:37] [javac-extractor-63383] [WARN] Not rewriting trap file for /home/zerep/Desktop/TFG/UseCase/cql_db/trap/java/classes/java/lang/reflect/Executable.members/Executable.members#61.0-1716983066000-java.trap.gz as it exists
[2025-02-16 16:08:37] [javac-extractor-63383] [WARN] Not rewriting trap file for /home/zerep/Desktop/TFG/UseCase/cql_db/trap/java/classes/java/lang/reflect/Parameter.members/Parameter.members#61.0-1716983066000-java.trap.gz as it exists
[2025-02-16 16:08:37] [javac-extractor-63383] [WARN] Not rewriting trap file for /home/zerep/Desktop/TFG/UseCase/cql_db/trap/java/classes/java/lang/Deprecated.members/Deprecated.members#61.0-1716983066000-java.trap.gz as it exists
[2025-02-16 16:08:37] [javac-extractor-63383] [WARN] Not rewriting trap file for /home/zerep/Desktop/TFG/UseCase/cql_db/trap/java/classes/org/springframework/context/ApplicationContextInitializer.members/ApplicationContextInitializer.members#61.0-1720676606000-java.trap.gz as it exists
[2025-02-16 16:08:37] [javac-extractor-63383] [WARN] Not rewriting trap file for /home/zerep/Desktop/TFG/UseCase/cql_db/trap/java/classes/org/springframework/core/annotation/AnnotationAttributes.members/AnnotationAttributes.members#61.0-1720676596000-java.trap.gz as it exists
[2025-02-16 16:08:37] [javac-extractor-63383] [WARN] Not rewriting trap file for /home/zerep/Desktop/TFG/UseCase/cql_db/trap/java/classes/org/springframework/core/AttributeAccessor.members/AttributeAccessor.members#61.0-1720676596000-java.trap.gz as it exists
[2025-02-16 16:08:37] [javac-extractor-63383] [WARN] Not rewriting trap file for /home/zerep/Desktop/TFG/UseCase/cql_db/trap/java/classes/org/springframework/context/ApplicationEvent.members/ApplicationEvent.members#61.0-1720676606000-java.trap.gz as it exists
[2025-02-16 16:08:37] [javac-extractor-63383] [WARN] Not rewriting trap file for /home/zerep/Desktop/TFG/UseCase/cql_db/trap/java/classes/java/lang/reflect/Constructor.members/Constructor.members#61.0-1716983066000-java.trap.gz as it exists
[2025-02-16 16:08:37] [javac-extractor-63383] [WARN] Not rewriting trap file for /home/zerep/Desktop/TFG/UseCase/cql_db/trap/java/classes/org/springframework/context/ConfigurableApplicationContext.members/ConfigurableApplicationContext.members#61.0-1720676606000-java.trap.gz as it exists
[2025-02-16 16:08:37] [javac-extractor-63383] [WARN] Not rewriting trap file for /home/zerep/Desktop/TFG/UseCase/cql_db/trap/java/classes/java/lang/RuntimeException.members/RuntimeException.members#61.0-1716983066000-java.trap.gz as it exists
[2025-02-16 16:08:37] [javac-extractor-63383] [WARN] Not rewriting trap file for /home/zerep/Desktop/TFG/UseCase/cql_db/trap/java/classes/org/springframework/core/env/PropertySource.members/PropertySource.members#61.0-1720676596000-java.trap.gz as it exists
[2025-02-16 16:08:37] [javac-extractor-63383] [WARN] Not rewriting trap file for /home/zerep/Desktop/TFG/UseCase/cql_db/trap/java/classes/java/io/IOException.members/IOException.members#61.0-1716983066000-java.trap.gz as it exists
[2025-02-16 16:08:37] [javac-extractor-63383] [WARN] Not rewriting trap file for /home/zerep/Desktop/TFG/UseCase/cql_db/trap/java/classes/org/springframework/core/io/InputStreamSource.members/InputStreamSource.members#61.0-1720676596000-java.trap.gz as it exists
[2025-02-16 16:08:37] [javac-extractor-63383] [WARN] Not rewriting trap file for /home/zerep/Desktop/TFG/UseCase/cql_db/trap/java/classes/java/io/InputStream.members/InputStream.members#61.0-1716983066000-java.trap.gz as it exists
[2025-02-16 16:08:37] [javac-extractor-63383] [WARN] Not rewriting trap file for /home/zerep/Desktop/TFG/UseCase/cql_db/trap/java/classes/java/io/Reader.members/Reader.members#61.0-1716983066000-java.trap.gz as it exists
[2025-02-16 16:08:37] [javac-extractor-63383] [WARN] Not rewriting trap file for /home/zerep/Desktop/TFG/UseCase/cql_db/trap/java/classes/java/nio/charset/Charset.members/Charset.members#61.0-1716983066000-java.trap.gz as it exists
[2025-02-16 16:08:37] [javac-extractor-63383] [WARN] Not rewriting trap file for /home/zerep/Desktop/TFG/UseCase/cql_db/trap/java/classes/org/springframework/core/io/Resource.members/Resource.members#61.0-1720676596000-java.trap.gz as it exists
[2025-02-16 16:08:37] [javac-extractor-63383] Processing JAR file: /home/zerep/.m2/repository/org/junit/jupiter/junit-jupiter-api/5.10.3/junit-jupiter-api-5.10.3.jar
[2025-02-16 16:08:37] [javac-extractor-63383] Processing JAR file: /home/zerep/.m2/repository/org/springframework/boot/spring-boot-test/3.3.2/spring-boot-test-3.3.2.jar
[2025-02-16 16:08:37] [javac-extractor-63383] Processing JAR file: /home/zerep/.m2/repository/org/apiguardian/apiguardian-api/1.1.2/apiguardian-api-1.1.2.jar
[2025-02-16 16:08:37] [javac-extractor-63383] Processing JAR file: /home/zerep/.m2/repository/org/opentest4j/opentest4j/1.3.0/opentest4j-1.3.0.jar
[2025-02-16 16:08:37] [javac-extractor-63383] Processing JAR file: /home/zerep/.m2/repository/org/springframework/spring-test/6.1.11/spring-test-6.1.11.jar
[2025-02-16 16:08:37] [javac-extractor-63383] Processing JAR file: /home/zerep/.m2/repository/org/junit/platform/junit-platform-commons/1.10.3/junit-platform-commons-1.10.3.jar
[2025-02-16 16:08:37] [javac-extractor-63383] Processing file /home/zerep/Desktop/TFG/UseCase/src/test/java/com/umugram/Tfg/PostRepositoryTests.java
[2025-02-16 16:08:37] [javac-extractor-63383] [WARN] Not rewriting trap file for /home/zerep/Desktop/TFG/UseCase/cql_db/trap/java/classes/org/junit/jupiter/api/Assertions.members/Assertions.members#52.0-318207600000-java.trap.gz as it exists
[2025-02-16 16:08:37] [javac-extractor-63383] [WARN] Not rewriting trap file for /home/zerep/Desktop/TFG/UseCase/cql_db/trap/java/classes/org/springframework/beans/factory/annotation/Autowired.members/Autowired.members#61.0-1720676600000-java.trap.gz as it exists
[2025-02-16 16:08:37] [javac-extractor-63383] [WARN] Not rewriting trap file for /home/zerep/Desktop/TFG/UseCase/cql_db/trap/java/classes/org/springframework/boot/test/context/SpringBootTest.members/SpringBootTest.members#61.0-1721316768000-java.trap.gz as it exists
[2025-02-16 16:08:37] [javac-extractor-63383] [WARN] Not rewriting trap file for /home/zerep/Desktop/TFG/UseCase/cql_db/trap/java/classes/java/time/LocalDate.members/LocalDate.members#61.0-1716983066000-java.trap.gz as it exists
[2025-02-16 16:08:37] [javac-extractor-63383] [WARN] Not rewriting trap file for /home/zerep/Desktop/TFG/UseCase/cql_db/trap/java/classes/java/util/List.members/List.members#61.0-1716983066000-java.trap.gz as it exists
[2025-02-16 16:08:37] [javac-extractor-63383] [WARN] Not rewriting trap file for /home/zerep/Desktop/TFG/UseCase/cql_db/trap/java/classes/java/lang/Class.members/Class.members#61.0-1716983066000-java.trap.gz as it exists
[2025-02-16 16:08:37] [javac-extractor-63383] [WARN] Not rewriting trap file for /home/zerep/Desktop/TFG/UseCase/cql_db/trap/java/classes/java/lang/Object.members/Object.members#61.0-1716983066000-java.trap.gz as it exists
[2025-02-16 16:08:37] [javac-extractor-63383] [WARN] Not rewriting trap file for /home/zerep/Desktop/TFG/UseCase/cql_db/trap/java/classes/java/lang/Cloneable.members/Cloneable.members#61.0-1716983066000-java.trap.gz as it exists
[2025-02-16 16:08:37] [javac-extractor-63383] [WARN] Not rewriting trap file for /home/zerep/Desktop/TFG/UseCase/cql_db/trap/java/classes/java/io/Serializable.members/Serializable.members#61.0-1716983066000-java.trap.gz as it exists
[2025-02-16 16:08:37] [javac-extractor-63383] [WARN] Not rewriting trap file for /home/zerep/Desktop/TFG/UseCase/cql_db/trap/java/classes/java/lang/reflect/GenericDeclaration.members/GenericDeclaration.members#61.0-1716983066000-java.trap.gz as it exists
[2025-02-16 16:08:37] [javac-extractor-63383] [WARN] Not rewriting trap file for /home/zerep/Desktop/TFG/UseCase/cql_db/trap/java/classes/java/lang/reflect/Type.members/Type.members#61.0-1716983066000-java.trap.gz as it exists
[2025-02-16 16:08:37] [javac-extractor-63383] [WARN] Not rewriting trap file for /home/zerep/Desktop/TFG/UseCase/cql_db/trap/java/classes/java/lang/reflect/AnnotatedElement.members/AnnotatedElement.members#61.0-1716983066000-java.trap.gz as it exists
[2025-02-16 16:08:37] [javac-extractor-63383] [WARN] Not rewriting trap file for /home/zerep/Desktop/TFG/UseCase/cql_db/trap/java/classes/java/lang/invoke/TypeDescriptor$OfField.members/TypeDescriptor$OfField.members#61.0-1716983066000-java.trap.gz as it exists
[2025-02-16 16:08:37] [javac-extractor-63383] [WARN] Not rewriting trap file for /home/zerep/Desktop/TFG/UseCase/cql_db/trap/java/classes/java/lang/invoke/TypeDescriptor.members/TypeDescriptor.members#61.0-1716983066000-java.trap.gz as it exists
[2025-02-16 16:08:37] [javac-extractor-63383] [WARN] Not rewriting trap file for /home/zerep/Desktop/TFG/UseCase/cql_db/trap/java/classes/java/lang/constant/Constable.members/Constable.members#61.0-1716983066000-java.trap.gz as it exists
[2025-02-16 16:08:37] [javac-extractor-63383] [WARN] Not rewriting trap file for /home/zerep/Desktop/TFG/UseCase/cql_db/trap/java/classes/org/junit/jupiter/api/Test.members/Test.members#52.0-318207600000-java.trap.gz as it exists
[2025-02-16 16:08:37] [javac-extractor-63383] [WARN] Not rewriting trap file for /home/zerep/Desktop/TFG/UseCase/cql_db/trap/java/classes/org/junit/jupiter/api/BeforeEach.members/BeforeEach.members#52.0-318207600000-java.trap.gz as it exists
[2025-02-16 16:08:37] [javac-extractor-63383] [WARN] Not rewriting trap file for /home/zerep/Desktop/TFG/UseCase/cql_db/trap/java/classes/com/umugram/Tfg/domain/User.members/User.members#61.0-1739718504701-java.trap.gz as /home/zerep/Desktop/TFG/UseCase/cql_db/trap/java/classes/com/umugram/Tfg/domain/User.members/User.members#0.0-1739714198145-java.trap.gz exists
[2025-02-16 16:08:37] [javac-extractor-63383] [WARN] Not rewriting trap file for /home/zerep/Desktop/TFG/UseCase/cql_db/trap/java/classes/com/umugram/Tfg/repositories/UserRepository.members/UserRepository.members#61.0-1739718504761-java.trap.gz as /home/zerep/Desktop/TFG/UseCase/cql_db/trap/java/classes/com/umugram/Tfg/repositories/UserRepository.members/UserRepository.members#0.0-1739713204348-java.trap.gz exists
[2025-02-16 16:08:37] [javac-extractor-63383] [WARN] Not rewriting trap file for /home/zerep/Desktop/TFG/UseCase/cql_db/trap/java/classes/com/umugram/Tfg/repositories/PostRepository.members/PostRepository.members#61.0-1739718504753-java.trap.gz as /home/zerep/Desktop/TFG/UseCase/cql_db/trap/java/classes/com/umugram/Tfg/repositories/PostRepository.members/PostRepository.members#0.0-1739718498057-java.trap.gz exists
[2025-02-16 16:08:37] [javac-extractor-63383] [WARN] Not rewriting trap file for /home/zerep/Desktop/TFG/UseCase/cql_db/trap/java/classes/com/umugram/Tfg/domain/Profile.members/Profile.members#61.0-1739718504709-java.trap.gz as /home/zerep/Desktop/TFG/UseCase/cql_db/trap/java/classes/com/umugram/Tfg/domain/Profile.members/Profile.members#0.0-1739713204352-java.trap.gz exists
[2025-02-16 16:08:37] [javac-extractor-63383] [WARN] Not rewriting trap file for /home/zerep/Desktop/TFG/UseCase/cql_db/trap/java/classes/java/lang/String.members/String.members#61.0-1716983066000-java.trap.gz as it exists
[2025-02-16 16:08:37] [javac-extractor-63383] [WARN] Not rewriting trap file for /home/zerep/Desktop/TFG/UseCase/cql_db/trap/java/classes/java/lang/Long.members/Long.members#61.0-1716983066000-java.trap.gz as it exists
[2025-02-16 16:08:37] [javac-extractor-63383] [WARN] Not rewriting trap file for /home/zerep/Desktop/TFG/UseCase/cql_db/trap/java/classes/org/springframework/data/repository/CrudRepository.members/CrudRepository.members#61.0-1720797706000-java.trap.gz as it exists
[2025-02-16 16:08:37] [javac-extractor-63383] [WARN] Not rewriting trap file for /home/zerep/Desktop/TFG/UseCase/cql_db/trap/java/classes/org/springframework/data/repository/Repository.members/Repository.members#61.0-1720797706000-java.trap.gz as it exists
[2025-02-16 16:08:37] [javac-extractor-63383] [WARN] Not rewriting trap file for /home/zerep/Desktop/TFG/UseCase/cql_db/trap/java/classes/org/springframework/stereotype/Indexed.members/Indexed.members#61.0-1720676606000-java.trap.gz as it exists
[2025-02-16 16:08:37] [javac-extractor-63383] [WARN] Not rewriting trap file for /home/zerep/Desktop/TFG/UseCase/cql_db/trap/java/classes/org/springframework/data/repository/NoRepositoryBean.members/NoRepositoryBean.members#61.0-1720797706000-java.trap.gz as it exists
[2025-02-16 16:08:37] [javac-extractor-63383] [WARN] Not rewriting trap file for /home/zerep/Desktop/TFG/UseCase/cql_db/trap/java/classes/java/lang/Iterable.members/Iterable.members#61.0-1716983066000-java.trap.gz as it exists
[2025-02-16 16:08:37] [javac-extractor-63383] [WARN] Not rewriting trap file for /home/zerep/Desktop/TFG/UseCase/cql_db/trap/java/classes/java/util/Optional.members/Optional.members#61.0-1716983066000-java.trap.gz as it exists
[2025-02-16 16:08:37] [javac-extractor-63383] [WARN] Not rewriting trap file for /home/zerep/Desktop/TFG/UseCase/cql_db/trap/java/classes/jdk/internal/ValueBased.members/ValueBased.members#61.0-1716983066000-java.trap.gz as it exists
[2025-02-16 16:08:37] [javac-extractor-63383] [WARN] Not rewriting trap file for /home/zerep/Desktop/TFG/UseCase/cql_db/trap/java/classes/com/umugram/Tfg/domain/Post.members/Post.members#61.0-1739718504661-java.trap.gz as /home/zerep/Desktop/TFG/UseCase/cql_db/trap/java/classes/com/umugram/Tfg/domain/Post.members/Post.members#0.0-1739714248001-java.trap.gz exists
[2025-02-16 16:08:37] [javac-extractor-63383] [WARN] Not rewriting trap file for /home/zerep/Desktop/TFG/UseCase/cql_db/trap/java/classes/org/springframework/data/jpa/repository/JpaRepository.members/JpaRepository.members#61.0-1720797852000-java.trap.gz as it exists
[2025-02-16 16:08:37] [javac-extractor-63383] [WARN] Not rewriting trap file for /home/zerep/Desktop/TFG/UseCase/cql_db/trap/java/classes/org/springframework/data/repository/ListCrudRepository.members/ListCrudRepository.members#61.0-1720797706000-java.trap.gz as it exists
[2025-02-16 16:08:37] [javac-extractor-63383] [WARN] Not rewriting trap file for /home/zerep/Desktop/TFG/UseCase/cql_db/trap/java/classes/org/springframework/data/repository/ListPagingAndSortingRepository.members/ListPagingAndSortingRepository.members#61.0-1720797708000-java.trap.gz as it exists
[2025-02-16 16:08:37] [javac-extractor-63383] [WARN] Not rewriting trap file for /home/zerep/Desktop/TFG/UseCase/cql_db/trap/java/classes/org/springframework/data/repository/PagingAndSortingRepository.members/PagingAndSortingRepository.members#61.0-1720797708000-java.trap.gz as it exists
[2025-02-16 16:08:37] [javac-extractor-63383] [WARN] Not rewriting trap file for /home/zerep/Desktop/TFG/UseCase/cql_db/trap/java/classes/org/springframework/data/repository/query/QueryByExampleExecutor.members/QueryByExampleExecutor.members#61.0-1720797708000-java.trap.gz as it exists
[2025-02-16 16:08:37] [javac-extractor-63383] [WARN] Not rewriting trap file for /home/zerep/Desktop/TFG/UseCase/cql_db/trap/java/classes/java/util/Collection.members/Collection.members#61.0-1716983066000-java.trap.gz as it exists
[2025-02-16 16:08:37] [javac-extractor-63383] [WARN] Not rewriting trap file for /home/zerep/Desktop/TFG/UseCase/cql_db/trap/java/classes/org/springframework/data/domain/Pageable.members/Pageable.members#61.0-1720797704000-java.trap.gz as it exists
[2025-02-16 16:08:37] [javac-extractor-63383] [WARN] Not rewriting trap file for /home/zerep/Desktop/TFG/UseCase/cql_db/trap/java/classes/org/springframework/data/domain/Page.members/Page.members#61.0-1720797706000-java.trap.gz as it exists
[2025-02-16 16:08:37] [javac-extractor-63383] [WARN] Not rewriting trap file for /home/zerep/Desktop/TFG/UseCase/cql_db/trap/java/classes/org/springframework/data/domain/Slice.members/Slice.members#61.0-1720797706000-java.trap.gz as it exists
[2025-02-16 16:08:37] [javac-extractor-63383] [WARN] Not rewriting trap file for /home/zerep/Desktop/TFG/UseCase/cql_db/trap/java/classes/org/springframework/data/util/Streamable.members/Streamable.members#61.0-1720797704000-java.trap.gz as it exists
[2025-02-16 16:08:37] [javac-extractor-63383] [WARN] Not rewriting trap file for /home/zerep/Desktop/TFG/UseCase/cql_db/trap/java/classes/java/util/function/Supplier.members/Supplier.members#61.0-1716983066000-java.trap.gz as it exists
[2025-02-16 16:08:37] [javac-extractor-63383] [WARN] Not rewriting trap file for /home/zerep/Desktop/TFG/UseCase/cql_db/trap/java/classes/java/lang/FunctionalInterface.members/FunctionalInterface.members#61.0-1716983066000-java.trap.gz as it exists
[2025-02-16 16:08:37] [javac-extractor-63383] [WARN] Not rewriting trap file for /home/zerep/Desktop/TFG/UseCase/cql_db/trap/java/classes/java/util/stream/Stream.members/Stream.members#61.0-1716983066000-java.trap.gz as it exists
[2025-02-16 16:08:37] [javac-extractor-63383] [WARN] Not rewriting trap file for /home/zerep/Desktop/TFG/UseCase/cql_db/trap/java/classes/java/util/stream/BaseStream.members/BaseStream.members#61.0-1716983066000-java.trap.gz as it exists
[2025-02-16 16:08:37] [javac-extractor-63383] [WARN] Not rewriting trap file for /home/zerep/Desktop/TFG/UseCase/cql_db/trap/java/classes/java/lang/AutoCloseable.members/AutoCloseable.members#61.0-1716983066000-java.trap.gz as it exists
[2025-02-16 16:08:37] [javac-extractor-63383] [WARN] Not rewriting trap file for /home/zerep/Desktop/TFG/UseCase/cql_db/trap/java/classes/org/springframework/data/domain/Sort.members/Sort.members#61.0-1720797704000-java.trap.gz as it exists
[2025-02-16 16:08:37] [javac-extractor-63383] [WARN] Not rewriting trap file for /home/zerep/Desktop/TFG/UseCase/cql_db/trap/java/classes/org/springframework/data/domain/Example.members/Example.members#61.0-1720797708000-java.trap.gz as it exists
[2025-02-16 16:08:37] [javac-extractor-63383] [WARN] Not rewriting trap file for /home/zerep/Desktop/TFG/UseCase/cql_db/trap/java/classes/java/util/function/Function.members/Function.members#61.0-1716983066000-java.trap.gz as it exists
[2025-02-16 16:08:37] [javac-extractor-63383] [WARN] Not rewriting trap file for /home/zerep/Desktop/TFG/UseCase/cql_db/trap/java/classes/org/springframework/data/repository/query/FluentQuery$FetchableFluentQuery.members/FluentQuery$FetchableFluentQuery.members#61.0-1720797706000-java.trap.gz as it exists
[2025-02-16 16:08:37] [javac-extractor-63383] [WARN] Not rewriting trap file for /home/zerep/Desktop/TFG/UseCase/cql_db/trap/java/classes/org/springframework/data/repository/query/FluentQuery.members/FluentQuery.members#61.0-1720797706000-java.trap.gz as it exists
[2025-02-16 16:08:37] [javac-extractor-63383] [WARN] Not rewriting trap file for /home/zerep/Desktop/TFG/UseCase/cql_db/trap/java/classes/com/umugram/Tfg/domain/PhotoPost.members/PhotoPost.members#61.0-1739718504713-java.trap.gz as /home/zerep/Desktop/TFG/UseCase/cql_db/trap/java/classes/com/umugram/Tfg/domain/PhotoPost.members/PhotoPost.members#0.0-1739714315614-java.trap.gz exists
[2025-02-16 16:08:37] [javac-extractor-63383] [WARN] Not rewriting trap file for /home/zerep/Desktop/TFG/UseCase/cql_db/trap/java/classes/java/util/Spliterator.members/Spliterator.members#61.0-1716983066000-java.trap.gz as it exists
[2025-02-16 16:08:37] [javac-extractor-63383] [WARN] Not rewriting trap file for /home/zerep/Desktop/TFG/UseCase/cql_db/trap/java/classes/java/util/function/Consumer.members/Consumer.members#61.0-1716983066000-java.trap.gz as it exists
[2025-02-16 16:08:37] [javac-extractor-63383] [WARN] Not rewriting trap file for /home/zerep/Desktop/TFG/UseCase/cql_db/trap/java/classes/java/util/Iterator.members/Iterator.members#61.0-1716983066000-java.trap.gz as it exists
[2025-02-16 16:08:37] [javac-extractor-63383] [WARN] Not rewriting trap file for /home/zerep/Desktop/TFG/UseCase/cql_db/trap/java/classes/java/util/function/Predicate.members/Predicate.members#61.0-1716983066000-java.trap.gz as it exists
[2025-02-16 16:08:37] [javac-extractor-63383] [WARN] Not rewriting trap file for /home/zerep/Desktop/TFG/UseCase/cql_db/trap/java/classes/java/util/function/IntFunction.members/IntFunction.members#61.0-1716983066000-java.trap.gz as it exists
[2025-02-16 16:08:37] [javac-extractor-63383] [WARN] Not rewriting trap file for /home/zerep/Desktop/TFG/UseCase/cql_db/trap/java/classes/java/util/ListIterator.members/ListIterator.members#61.0-1716983066000-java.trap.gz as it exists
[2025-02-16 16:08:37] [javac-extractor-63383] [WARN] Not rewriting trap file for /home/zerep/Desktop/TFG/UseCase/cql_db/trap/java/classes/java/util/Comparator.members/Comparator.members#61.0-1716983066000-java.trap.gz as it exists
[2025-02-16 16:08:37] [javac-extractor-63383] [WARN] Not rewriting trap file for /home/zerep/Desktop/TFG/UseCase/cql_db/trap/java/classes/java/util/function/UnaryOperator.members/UnaryOperator.members#61.0-1716983066000-java.trap.gz as it exists
[2025-02-16 16:08:37] [javac-extractor-63383] [WARN] Not rewriting trap file for /home/zerep/Desktop/TFG/UseCase/cql_db/trap/java/classes/java/lang/annotation/Annotation.members/Annotation.members#61.0-1716983066000-java.trap.gz as it exists
[2025-02-16 16:08:37] [javac-extractor-63383] [WARN] Not rewriting trap file for /home/zerep/Desktop/TFG/UseCase/cql_db/trap/java/classes/java/lang/annotation/Inherited.members/Inherited.members#61.0-1716983066000-java.trap.gz as it exists
[2025-02-16 16:08:37] [javac-extractor-63383] [WARN] Not rewriting trap file for /home/zerep/Desktop/TFG/UseCase/cql_db/trap/java/classes/java/lang/annotation/Retention.members/Retention.members#61.0-1716983066000-java.trap.gz as it exists
[2025-02-16 16:08:37] [javac-extractor-63383] [WARN] Not rewriting trap file for /home/zerep/Desktop/TFG/UseCase/cql_db/trap/java/classes/java/lang/annotation/RetentionPolicy.members/RetentionPolicy.members#61.0-1716983066000-java.trap.gz as it exists
[2025-02-16 16:08:37] [javac-extractor-63383] [WARN] Not rewriting trap file for /home/zerep/Desktop/TFG/UseCase/cql_db/trap/java/classes/java/lang/annotation/Target.members/Target.members#61.0-1716983066000-java.trap.gz as it exists
[2025-02-16 16:08:37] [javac-extractor-63383] [WARN] Not rewriting trap file for /home/zerep/Desktop/TFG/UseCase/cql_db/trap/java/classes/java/lang/annotation/ElementType.members/ElementType.members#61.0-1716983066000-java.trap.gz as it exists
[2025-02-16 16:08:37] [javac-extractor-63383] [WARN] Not rewriting trap file for /home/zerep/Desktop/TFG/UseCase/cql_db/trap/java/classes/org/springframework/boot/test/context/SpringBootTest$WebEnvironment.members/SpringBootTest$WebEnvironment.members#61.0-1721316768000-java.trap.gz as it exists
[2025-02-16 16:08:37] [javac-extractor-63383] [WARN] Not rewriting trap file for /home/zerep/Desktop/TFG/UseCase/cql_db/trap/java/classes/org/springframework/boot/test/context/SpringBootTest$UseMainMethod.members/SpringBootTest$UseMainMethod.members#61.0-1721316768000-java.trap.gz as it exists
[2025-02-16 16:08:37] [javac-extractor-63383] [WARN] Not rewriting trap file for /home/zerep/Desktop/TFG/UseCase/cql_db/trap/java/classes/java/lang/Enum.members/Enum.members#61.0-1716983066000-java.trap.gz as it exists
[2025-02-16 16:08:37] [javac-extractor-63383] [WARN] Not rewriting trap file for /home/zerep/Desktop/TFG/UseCase/cql_db/trap/java/classes/java/lang/Comparable.members/Comparable.members#61.0-1716983066000-java.trap.gz as it exists
[2025-02-16 16:08:37] [javac-extractor-63383] [WARN] Not rewriting trap file for /home/zerep/Desktop/TFG/UseCase/cql_db/trap/java/classes/java/lang/Enum$EnumDesc.members/Enum$EnumDesc.members#61.0-1716983066000-java.trap.gz as it exists
[2025-02-16 16:08:37] [javac-extractor-63383] [WARN] Not rewriting trap file for /home/zerep/Desktop/TFG/UseCase/cql_db/trap/java/classes/java/lang/constant/DynamicConstantDesc.members/DynamicConstantDesc.members#61.0-1716983066000-java.trap.gz as it exists
[2025-02-16 16:08:37] [javac-extractor-63383] [WARN] Not rewriting trap file for /home/zerep/Desktop/TFG/UseCase/cql_db/trap/java/classes/java/lang/constant/ConstantDesc.members/ConstantDesc.members#61.0-1716983066000-java.trap.gz as it exists
[2025-02-16 16:08:37] [javac-extractor-63383] [WARN] Not rewriting trap file for /home/zerep/Desktop/TFG/UseCase/cql_db/trap/java/classes/java/lang/CloneNotSupportedException.members/CloneNotSupportedException.members#61.0-1716983066000-java.trap.gz as it exists
[2025-02-16 16:08:37] [javac-extractor-63383] Processing file /home/zerep/Desktop/TFG/UseCase/src/test/java/com/umugram/Tfg/UserRepositoryTests.java
[2025-02-16 16:08:37] [javac-extractor-63383] [WARN] Not rewriting trap file for /home/zerep/Desktop/TFG/UseCase/cql_db/trap/java/classes/java/time/LocalDate.members/LocalDate.members#61.0-1716983066000-java.trap.gz as it exists
[2025-02-16 16:08:37] [javac-extractor-63383] [WARN] Not rewriting trap file for /home/zerep/Desktop/TFG/UseCase/cql_db/trap/java/classes/java/util/List.members/List.members#61.0-1716983066000-java.trap.gz as it exists
[2025-02-16 16:08:37] [javac-extractor-63383] [WARN] Not rewriting trap file for /home/zerep/Desktop/TFG/UseCase/cql_db/trap/java/classes/org/springframework/beans/factory/annotation/Autowired.members/Autowired.members#61.0-1720676600000-java.trap.gz as it exists
[2025-02-16 16:08:37] [javac-extractor-63383] [WARN] Not rewriting trap file for /home/zerep/Desktop/TFG/UseCase/cql_db/trap/java/classes/org/springframework/boot/test/context/SpringBootTest.members/SpringBootTest.members#61.0-1721316768000-java.trap.gz as it exists
[2025-02-16 16:08:37] [javac-extractor-63383] [WARN] Not rewriting trap file for /home/zerep/Desktop/TFG/UseCase/cql_db/trap/java/classes/org/junit/jupiter/api/Assertions.members/Assertions.members#52.0-318207600000-java.trap.gz as it exists
[2025-02-16 16:08:37] [javac-extractor-63383] [WARN] Not rewriting trap file for /home/zerep/Desktop/TFG/UseCase/cql_db/trap/java/classes/org/junit/jupiter/api/Test.members/Test.members#52.0-318207600000-java.trap.gz as it exists
[2025-02-16 16:08:37] [javac-extractor-63383] [WARN] Not rewriting trap file for /home/zerep/Desktop/TFG/UseCase/cql_db/trap/java/classes/org/junit/jupiter/api/BeforeEach.members/BeforeEach.members#52.0-318207600000-java.trap.gz as it exists
[2025-02-16 16:08:37] [javac-extractor-63383] [WARN] Not rewriting trap file for /home/zerep/Desktop/TFG/UseCase/cql_db/trap/java/classes/com/umugram/Tfg/repositories/UserRepository.members/UserRepository.members#61.0-1739718504761-java.trap.gz as /home/zerep/Desktop/TFG/UseCase/cql_db/trap/java/classes/com/umugram/Tfg/repositories/UserRepository.members/UserRepository.members#0.0-1739713204348-java.trap.gz exists
[2025-02-16 16:08:37] [javac-extractor-63383] [WARN] Not rewriting trap file for /home/zerep/Desktop/TFG/UseCase/cql_db/trap/java/classes/java/lang/Object.members/Object.members#61.0-1716983066000-java.trap.gz as it exists
[2025-02-16 16:08:37] [javac-extractor-63383] [WARN] Not rewriting trap file for /home/zerep/Desktop/TFG/UseCase/cql_db/trap/java/classes/com/umugram/Tfg/domain/User.members/User.members#61.0-1739718504701-java.trap.gz as /home/zerep/Desktop/TFG/UseCase/cql_db/trap/java/classes/com/umugram/Tfg/domain/User.members/User.members#0.0-1739714198145-java.trap.gz exists
[2025-02-16 16:08:37] [javac-extractor-63383] [WARN] Not rewriting trap file for /home/zerep/Desktop/TFG/UseCase/cql_db/trap/java/classes/java/lang/Long.members/Long.members#61.0-1716983066000-java.trap.gz as it exists
[2025-02-16 16:08:37] [javac-extractor-63383] [WARN] Not rewriting trap file for /home/zerep/Desktop/TFG/UseCase/cql_db/trap/java/classes/org/springframework/data/repository/CrudRepository.members/CrudRepository.members#61.0-1720797706000-java.trap.gz as it exists
[2025-02-16 16:08:37] [javac-extractor-63383] [WARN] Not rewriting trap file for /home/zerep/Desktop/TFG/UseCase/cql_db/trap/java/classes/org/springframework/data/repository/Repository.members/Repository.members#61.0-1720797706000-java.trap.gz as it exists
[2025-02-16 16:08:37] [javac-extractor-63383] [WARN] Not rewriting trap file for /home/zerep/Desktop/TFG/UseCase/cql_db/trap/java/classes/org/springframework/stereotype/Indexed.members/Indexed.members#61.0-1720676606000-java.trap.gz as it exists
[2025-02-16 16:08:37] [javac-extractor-63383] [WARN] Not rewriting trap file for /home/zerep/Desktop/TFG/UseCase/cql_db/trap/java/classes/org/springframework/data/repository/NoRepositoryBean.members/NoRepositoryBean.members#61.0-1720797706000-java.trap.gz as it exists
[2025-02-16 16:08:37] [javac-extractor-63383] [WARN] Not rewriting trap file for /home/zerep/Desktop/TFG/UseCase/cql_db/trap/java/classes/java/lang/Iterable.members/Iterable.members#61.0-1716983066000-java.trap.gz as it exists
[2025-02-16 16:08:37] [javac-extractor-63383] [WARN] Not rewriting trap file for /home/zerep/Desktop/TFG/UseCase/cql_db/trap/java/classes/java/util/Optional.members/Optional.members#61.0-1716983066000-java.trap.gz as it exists
[2025-02-16 16:08:37] [javac-extractor-63383] [WARN] Not rewriting trap file for /home/zerep/Desktop/TFG/UseCase/cql_db/trap/java/classes/jdk/internal/ValueBased.members/ValueBased.members#61.0-1716983066000-java.trap.gz as it exists
[2025-02-16 16:08:37] [javac-extractor-63383] [WARN] Not rewriting trap file for /home/zerep/Desktop/TFG/UseCase/cql_db/trap/java/classes/java/lang/String.members/String.members#61.0-1716983066000-java.trap.gz as it exists
[2025-02-16 16:08:37] [javac-extractor-63383] [WARN] Not rewriting trap file for /home/zerep/Desktop/TFG/UseCase/cql_db/trap/java/classes/com/umugram/Tfg/domain/Profile.members/Profile.members#61.0-1739718504709-java.trap.gz as /home/zerep/Desktop/TFG/UseCase/cql_db/trap/java/classes/com/umugram/Tfg/domain/Profile.members/Profile.members#0.0-1739713204352-java.trap.gz exists
[2025-02-16 16:08:37] [javac-extractor-63383] [WARN] Not rewriting trap file for /home/zerep/Desktop/TFG/UseCase/cql_db/trap/java/classes/java/util/Collection.members/Collection.members#61.0-1716983066000-java.trap.gz as it exists
[2025-02-16 16:08:37] [javac-extractor-63383] [WARN] Not rewriting trap file for /home/zerep/Desktop/TFG/UseCase/cql_db/trap/java/classes/java/lang/Cloneable.members/Cloneable.members#61.0-1716983066000-java.trap.gz as it exists
[2025-02-16 16:08:37] [javac-extractor-63383] [WARN] Not rewriting trap file for /home/zerep/Desktop/TFG/UseCase/cql_db/trap/java/classes/java/io/Serializable.members/Serializable.members#61.0-1716983066000-java.trap.gz as it exists
[2025-02-16 16:08:37] [javac-extractor-63383] [WARN] Not rewriting trap file for /home/zerep/Desktop/TFG/UseCase/cql_db/trap/java/classes/java/util/Spliterator.members/Spliterator.members#61.0-1716983066000-java.trap.gz as it exists
[2025-02-16 16:08:37] [javac-extractor-63383] [WARN] Not rewriting trap file for /home/zerep/Desktop/TFG/UseCase/cql_db/trap/java/classes/java/util/function/Consumer.members/Consumer.members#61.0-1716983066000-java.trap.gz as it exists
[2025-02-16 16:08:37] [javac-extractor-63383] [WARN] Not rewriting trap file for /home/zerep/Desktop/TFG/UseCase/cql_db/trap/java/classes/java/lang/FunctionalInterface.members/FunctionalInterface.members#61.0-1716983066000-java.trap.gz as it exists
[2025-02-16 16:08:37] [javac-extractor-63383] [WARN] Not rewriting trap file for /home/zerep/Desktop/TFG/UseCase/cql_db/trap/java/classes/java/util/Iterator.members/Iterator.members#61.0-1716983066000-java.trap.gz as it exists
[2025-02-16 16:08:37] [javac-extractor-63383] [WARN] Not rewriting trap file for /home/zerep/Desktop/TFG/UseCase/cql_db/trap/java/classes/java/util/stream/Stream.members/Stream.members#61.0-1716983066000-java.trap.gz as it exists
[2025-02-16 16:08:37] [javac-extractor-63383] [WARN] Not rewriting trap file for /home/zerep/Desktop/TFG/UseCase/cql_db/trap/java/classes/java/util/stream/BaseStream.members/BaseStream.members#61.0-1716983066000-java.trap.gz as it exists
[2025-02-16 16:08:37] [javac-extractor-63383] [WARN] Not rewriting trap file for /home/zerep/Desktop/TFG/UseCase/cql_db/trap/java/classes/java/lang/AutoCloseable.members/AutoCloseable.members#61.0-1716983066000-java.trap.gz as it exists
[2025-02-16 16:08:37] [javac-extractor-63383] [WARN] Not rewriting trap file for /home/zerep/Desktop/TFG/UseCase/cql_db/trap/java/classes/java/util/function/Predicate.members/Predicate.members#61.0-1716983066000-java.trap.gz as it exists
[2025-02-16 16:08:37] [javac-extractor-63383] [WARN] Not rewriting trap file for /home/zerep/Desktop/TFG/UseCase/cql_db/trap/java/classes/java/util/function/IntFunction.members/IntFunction.members#61.0-1716983066000-java.trap.gz as it exists
[2025-02-16 16:08:37] [javac-extractor-63383] [WARN] Not rewriting trap file for /home/zerep/Desktop/TFG/UseCase/cql_db/trap/java/classes/java/util/ListIterator.members/ListIterator.members#61.0-1716983066000-java.trap.gz as it exists
[2025-02-16 16:08:37] [javac-extractor-63383] [WARN] Not rewriting trap file for /home/zerep/Desktop/TFG/UseCase/cql_db/trap/java/classes/java/util/Comparator.members/Comparator.members#61.0-1716983066000-java.trap.gz as it exists
[2025-02-16 16:08:37] [javac-extractor-63383] [WARN] Not rewriting trap file for /home/zerep/Desktop/TFG/UseCase/cql_db/trap/java/classes/java/util/function/UnaryOperator.members/UnaryOperator.members#61.0-1716983066000-java.trap.gz as it exists
[2025-02-16 16:08:37] [javac-extractor-63383] [WARN] Not rewriting trap file for /home/zerep/Desktop/TFG/UseCase/cql_db/trap/java/classes/java/util/function/Function.members/Function.members#61.0-1716983066000-java.trap.gz as it exists
[2025-02-16 16:08:37] [javac-extractor-63383] [WARN] Not rewriting trap file for /home/zerep/Desktop/TFG/UseCase/cql_db/trap/java/classes/java/lang/Class.members/Class.members#61.0-1716983066000-java.trap.gz as it exists
[2025-02-16 16:08:37] [javac-extractor-63383] [WARN] Not rewriting trap file for /home/zerep/Desktop/TFG/UseCase/cql_db/trap/java/classes/java/lang/reflect/GenericDeclaration.members/GenericDeclaration.members#61.0-1716983066000-java.trap.gz as it exists
[2025-02-16 16:08:37] [javac-extractor-63383] [WARN] Not rewriting trap file for /home/zerep/Desktop/TFG/UseCase/cql_db/trap/java/classes/java/lang/reflect/Type.members/Type.members#61.0-1716983066000-java.trap.gz as it exists
[2025-02-16 16:08:37] [javac-extractor-63383] [WARN] Not rewriting trap file for /home/zerep/Desktop/TFG/UseCase/cql_db/trap/java/classes/java/lang/reflect/AnnotatedElement.members/AnnotatedElement.members#61.0-1716983066000-java.trap.gz as it exists
[2025-02-16 16:08:37] [javac-extractor-63383] [WARN] Not rewriting trap file for /home/zerep/Desktop/TFG/UseCase/cql_db/trap/java/classes/java/lang/invoke/TypeDescriptor$OfField.members/TypeDescriptor$OfField.members#61.0-1716983066000-java.trap.gz as it exists
[2025-02-16 16:08:37] [javac-extractor-63383] [WARN] Not rewriting trap file for /home/zerep/Desktop/TFG/UseCase/cql_db/trap/java/classes/java/lang/invoke/TypeDescriptor.members/TypeDescriptor.members#61.0-1716983066000-java.trap.gz as it exists
[2025-02-16 16:08:37] [javac-extractor-63383] [WARN] Not rewriting trap file for /home/zerep/Desktop/TFG/UseCase/cql_db/trap/java/classes/java/lang/constant/Constable.members/Constable.members#61.0-1716983066000-java.trap.gz as it exists
[2025-02-16 16:08:37] [javac-extractor-63383] [WARN] Not rewriting trap file for /home/zerep/Desktop/TFG/UseCase/cql_db/trap/java/classes/org/springframework/boot/test/context/SpringBootTest$WebEnvironment.members/SpringBootTest$WebEnvironment.members#61.0-1721316768000-java.trap.gz as it exists
[2025-02-16 16:08:37] [javac-extractor-63383] [WARN] Not rewriting trap file for /home/zerep/Desktop/TFG/UseCase/cql_db/trap/java/classes/org/springframework/boot/test/context/SpringBootTest$UseMainMethod.members/SpringBootTest$UseMainMethod.members#61.0-1721316768000-java.trap.gz as it exists
[2025-02-16 16:08:37] [javac-extractor-63383] Javac init time: 0.9s
[2025-02-16 16:08:37] [javac-extractor-63383] Javac attr time: 0.1s
[2025-02-16 16:08:37] [javac-extractor-63383] Extractor time: 0.4s
[2025-02-16 16:08:37] [javac-extractor-63383] Other time: 0.2s
[2025-02-16 16:08:37] [javac-extractor-63383] Total time: 1.7s
